#! c:/iverilog-x64/bin/vvp
:ivl_version "10.1 (stable)" "(v10_1_1)";
:ivl_delay_selection "TYPICAL";
:vpi_time_precision - 12;
:vpi_module "system";
:vpi_module "vhdl_sys";
:vpi_module "v2005_math";
:vpi_module "va_math";
S_0000000004b48090 .scope module, "tb_fir" "tb_fir" 2 2;
 .timescale -9 -9;
v0000000002f96be0_0 .var "clk", 0 0;
v0000000002f96aa0_0 .var/i "cnt", 31 0;
v0000000002f96dc0_0 .var/i "file", 31 0;
v0000000002f95f60_0 .var/i "i", 31 0;
v0000000002f961e0 .array/s "mem", 0 1600, 11 0;
v0000000002f97040_0 .var "rst", 0 0;
v0000000002f96b40_0 .var/s "signal_in", 11 0;
v0000000002f95b00_0 .net/s "signal_out", 11 0, L_0000000002f97180;  1 drivers
E_0000000004b40950 .event posedge, v0000000002f9af70_0;
S_0000000002f02510 .scope module, "dut" "fir_12bit" 2 9, 3 4 0, S_0000000004b48090;
 .timescale -9 -12;
    .port_info 0 /INPUT 1 "clk"
    .port_info 1 /INPUT 1 "rst"
    .port_info 2 /INPUT 12 "signal_in"
    .port_info 3 /OUTPUT 12 "signal_out"
v0000000002f9af70_0 .net "clk", 0 0, v0000000002f96be0_0;  1 drivers
L_0000000004b9c5e8 .functor BUFT 1, C4<0000000000000011>, C4<0>, C4<0>, C4<0>;
v0000000002f99df0 .array "coef", 0 63;
v0000000002f99df0_0 .net/s v0000000002f99df0 0, 15 0, L_0000000004b9c5e8; 1 drivers
L_0000000004b9c630 .functor BUFT 1, C4<1111111111011011>, C4<0>, C4<0>, C4<0>;
v0000000002f99df0_1 .net/s v0000000002f99df0 1, 15 0, L_0000000004b9c630; 1 drivers
L_0000000004b9c678 .functor BUFT 1, C4<1111111111011111>, C4<0>, C4<0>, C4<0>;
v0000000002f99df0_2 .net/s v0000000002f99df0 2, 15 0, L_0000000004b9c678; 1 drivers
L_0000000004b9c6c0 .functor BUFT 1, C4<1111111111101111>, C4<0>, C4<0>, C4<0>;
v0000000002f99df0_3 .net/s v0000000002f99df0 3, 15 0, L_0000000004b9c6c0; 1 drivers
L_0000000004b9c708 .functor BUFT 1, C4<0000000000010110>, C4<0>, C4<0>, C4<0>;
v0000000002f99df0_4 .net/s v0000000002f99df0 4, 15 0, L_0000000004b9c708; 1 drivers
L_0000000004b9c750 .functor BUFT 1, C4<0000000001000000>, C4<0>, C4<0>, C4<0>;
v0000000002f99df0_5 .net/s v0000000002f99df0 5, 15 0, L_0000000004b9c750; 1 drivers
L_0000000004b9c798 .functor BUFT 1, C4<0000000001001101>, C4<0>, C4<0>, C4<0>;
v0000000002f99df0_6 .net/s v0000000002f99df0 6, 15 0, L_0000000004b9c798; 1 drivers
L_0000000004b9c7e0 .functor BUFT 1, C4<0000000000100110>, C4<0>, C4<0>, C4<0>;
v0000000002f99df0_7 .net/s v0000000002f99df0 7, 15 0, L_0000000004b9c7e0; 1 drivers
L_0000000004b9c828 .functor BUFT 1, C4<1111111111010010>, C4<0>, C4<0>, C4<0>;
v0000000002f99df0_8 .net/s v0000000002f99df0 8, 15 0, L_0000000004b9c828; 1 drivers
L_0000000004b9c870 .functor BUFT 1, C4<1111111101111101>, C4<0>, C4<0>, C4<0>;
v0000000002f99df0_9 .net/s v0000000002f99df0 9, 15 0, L_0000000004b9c870; 1 drivers
L_0000000004b9c8b8 .functor BUFT 1, C4<1111111101100110>, C4<0>, C4<0>, C4<0>;
v0000000002f99df0_10 .net/s v0000000002f99df0 10, 15 0, L_0000000004b9c8b8; 1 drivers
L_0000000004b9c900 .functor BUFT 1, C4<1111111110110110>, C4<0>, C4<0>, C4<0>;
v0000000002f99df0_11 .net/s v0000000002f99df0 11, 15 0, L_0000000004b9c900; 1 drivers
L_0000000004b9c948 .functor BUFT 1, C4<0000000001010111>, C4<0>, C4<0>, C4<0>;
v0000000002f99df0_12 .net/s v0000000002f99df0 12, 15 0, L_0000000004b9c948; 1 drivers
L_0000000004b9c990 .functor BUFT 1, C4<0000000011110010>, C4<0>, C4<0>, C4<0>;
v0000000002f99df0_13 .net/s v0000000002f99df0 13, 15 0, L_0000000004b9c990; 1 drivers
L_0000000004b9c9d8 .functor BUFT 1, C4<0000000100010111>, C4<0>, C4<0>, C4<0>;
v0000000002f99df0_14 .net/s v0000000002f99df0 14, 15 0, L_0000000004b9c9d8; 1 drivers
L_0000000004b9ca20 .functor BUFT 1, C4<0000000010000101>, C4<0>, C4<0>, C4<0>;
v0000000002f99df0_15 .net/s v0000000002f99df0 15, 15 0, L_0000000004b9ca20; 1 drivers
L_0000000004b9ca68 .functor BUFT 1, C4<1111111101100111>, C4<0>, C4<0>, C4<0>;
v0000000002f99df0_16 .net/s v0000000002f99df0 16, 15 0, L_0000000004b9ca68; 1 drivers
L_0000000004b9cab0 .functor BUFT 1, C4<1111111001011011>, C4<0>, C4<0>, C4<0>;
v0000000002f99df0_17 .net/s v0000000002f99df0 17, 15 0, L_0000000004b9cab0; 1 drivers
L_0000000004b9caf8 .functor BUFT 1, C4<1111111000011110>, C4<0>, C4<0>, C4<0>;
v0000000002f99df0_18 .net/s v0000000002f99df0 18, 15 0, L_0000000004b9caf8; 1 drivers
L_0000000004b9cb40 .functor BUFT 1, C4<1111111100011100>, C4<0>, C4<0>, C4<0>;
v0000000002f99df0_19 .net/s v0000000002f99df0 19, 15 0, L_0000000004b9cb40; 1 drivers
L_0000000004b9cb88 .functor BUFT 1, C4<0000000100000110>, C4<0>, C4<0>, C4<0>;
v0000000002f99df0_20 .net/s v0000000002f99df0 20, 15 0, L_0000000004b9cb88; 1 drivers
L_0000000004b9cbd0 .functor BUFT 1, C4<0000001011010111>, C4<0>, C4<0>, C4<0>;
v0000000002f99df0_21 .net/s v0000000002f99df0 21, 15 0, L_0000000004b9cbd0; 1 drivers
L_0000000004b9cc18 .functor BUFT 1, C4<0000001101000110>, C4<0>, C4<0>, C4<0>;
v0000000002f99df0_22 .net/s v0000000002f99df0 22, 15 0, L_0000000004b9cc18; 1 drivers
L_0000000004b9cc60 .functor BUFT 1, C4<0000000110010011>, C4<0>, C4<0>, C4<0>;
v0000000002f99df0_23 .net/s v0000000002f99df0 23, 15 0, L_0000000004b9cc60; 1 drivers
L_0000000004b9cca8 .functor BUFT 1, C4<1111111000100111>, C4<0>, C4<0>, C4<0>;
v0000000002f99df0_24 .net/s v0000000002f99df0 24, 15 0, L_0000000004b9cca8; 1 drivers
L_0000000004b9ccf0 .functor BUFT 1, C4<1111101010110011>, C4<0>, C4<0>, C4<0>;
v0000000002f99df0_25 .net/s v0000000002f99df0 25, 15 0, L_0000000004b9ccf0; 1 drivers
L_0000000004b9cd38 .functor BUFT 1, C4<1111100110010011>, C4<0>, C4<0>, C4<0>;
v0000000002f99df0_26 .net/s v0000000002f99df0 26, 15 0, L_0000000004b9cd38; 1 drivers
L_0000000004b9cd80 .functor BUFT 1, C4<1111110010101110>, C4<0>, C4<0>, C4<0>;
v0000000002f99df0_27 .net/s v0000000002f99df0 27, 15 0, L_0000000004b9cd80; 1 drivers
L_0000000004b9cdc8 .functor BUFT 1, C4<0000010001011000>, C4<0>, C4<0>, C4<0>;
v0000000002f99df0_28 .net/s v0000000002f99df0 28, 15 0, L_0000000004b9cdc8; 1 drivers
L_0000000004b9ce10 .functor BUFT 1, C4<0000111011011101>, C4<0>, C4<0>, C4<0>;
v0000000002f99df0_29 .net/s v0000000002f99df0 29, 15 0, L_0000000004b9ce10; 1 drivers
L_0000000004b9ce58 .functor BUFT 1, C4<0001100011111010>, C4<0>, C4<0>, C4<0>;
v0000000002f99df0_30 .net/s v0000000002f99df0 30, 15 0, L_0000000004b9ce58; 1 drivers
L_0000000004b9cea0 .functor BUFT 1, C4<0001111100101010>, C4<0>, C4<0>, C4<0>;
v0000000002f99df0_31 .net/s v0000000002f99df0 31, 15 0, L_0000000004b9cea0; 1 drivers
L_0000000004b9cee8 .functor BUFT 1, C4<0001111100101010>, C4<0>, C4<0>, C4<0>;
v0000000002f99df0_32 .net/s v0000000002f99df0 32, 15 0, L_0000000004b9cee8; 1 drivers
L_0000000004b9cf30 .functor BUFT 1, C4<0001100011111010>, C4<0>, C4<0>, C4<0>;
v0000000002f99df0_33 .net/s v0000000002f99df0 33, 15 0, L_0000000004b9cf30; 1 drivers
L_0000000004b9cf78 .functor BUFT 1, C4<0000111011011101>, C4<0>, C4<0>, C4<0>;
v0000000002f99df0_34 .net/s v0000000002f99df0 34, 15 0, L_0000000004b9cf78; 1 drivers
L_0000000004b9cfc0 .functor BUFT 1, C4<0000010001011000>, C4<0>, C4<0>, C4<0>;
v0000000002f99df0_35 .net/s v0000000002f99df0 35, 15 0, L_0000000004b9cfc0; 1 drivers
L_0000000004b9d008 .functor BUFT 1, C4<1111110010101110>, C4<0>, C4<0>, C4<0>;
v0000000002f99df0_36 .net/s v0000000002f99df0 36, 15 0, L_0000000004b9d008; 1 drivers
L_0000000004b9d050 .functor BUFT 1, C4<1111100110010011>, C4<0>, C4<0>, C4<0>;
v0000000002f99df0_37 .net/s v0000000002f99df0 37, 15 0, L_0000000004b9d050; 1 drivers
L_0000000004b9d098 .functor BUFT 1, C4<1111101010110011>, C4<0>, C4<0>, C4<0>;
v0000000002f99df0_38 .net/s v0000000002f99df0 38, 15 0, L_0000000004b9d098; 1 drivers
L_0000000004b9d0e0 .functor BUFT 1, C4<1111111000100111>, C4<0>, C4<0>, C4<0>;
v0000000002f99df0_39 .net/s v0000000002f99df0 39, 15 0, L_0000000004b9d0e0; 1 drivers
L_0000000004b9d128 .functor BUFT 1, C4<0000000110010011>, C4<0>, C4<0>, C4<0>;
v0000000002f99df0_40 .net/s v0000000002f99df0 40, 15 0, L_0000000004b9d128; 1 drivers
L_0000000004b9d170 .functor BUFT 1, C4<0000001101000110>, C4<0>, C4<0>, C4<0>;
v0000000002f99df0_41 .net/s v0000000002f99df0 41, 15 0, L_0000000004b9d170; 1 drivers
L_0000000004b9d1b8 .functor BUFT 1, C4<0000001011010111>, C4<0>, C4<0>, C4<0>;
v0000000002f99df0_42 .net/s v0000000002f99df0 42, 15 0, L_0000000004b9d1b8; 1 drivers
L_0000000004b9d200 .functor BUFT 1, C4<0000000100000110>, C4<0>, C4<0>, C4<0>;
v0000000002f99df0_43 .net/s v0000000002f99df0 43, 15 0, L_0000000004b9d200; 1 drivers
L_0000000004b9d248 .functor BUFT 1, C4<1111111100011100>, C4<0>, C4<0>, C4<0>;
v0000000002f99df0_44 .net/s v0000000002f99df0 44, 15 0, L_0000000004b9d248; 1 drivers
L_0000000004b9d290 .functor BUFT 1, C4<1111111000011110>, C4<0>, C4<0>, C4<0>;
v0000000002f99df0_45 .net/s v0000000002f99df0 45, 15 0, L_0000000004b9d290; 1 drivers
L_0000000004b9d2d8 .functor BUFT 1, C4<1111111001011011>, C4<0>, C4<0>, C4<0>;
v0000000002f99df0_46 .net/s v0000000002f99df0 46, 15 0, L_0000000004b9d2d8; 1 drivers
L_0000000004b9d320 .functor BUFT 1, C4<1111111101100111>, C4<0>, C4<0>, C4<0>;
v0000000002f99df0_47 .net/s v0000000002f99df0 47, 15 0, L_0000000004b9d320; 1 drivers
L_0000000004b9d368 .functor BUFT 1, C4<0000000010000101>, C4<0>, C4<0>, C4<0>;
v0000000002f99df0_48 .net/s v0000000002f99df0 48, 15 0, L_0000000004b9d368; 1 drivers
L_0000000004b9d3b0 .functor BUFT 1, C4<0000000100010111>, C4<0>, C4<0>, C4<0>;
v0000000002f99df0_49 .net/s v0000000002f99df0 49, 15 0, L_0000000004b9d3b0; 1 drivers
L_0000000004b9d3f8 .functor BUFT 1, C4<0000000011110010>, C4<0>, C4<0>, C4<0>;
v0000000002f99df0_50 .net/s v0000000002f99df0 50, 15 0, L_0000000004b9d3f8; 1 drivers
L_0000000004b9d440 .functor BUFT 1, C4<0000000001010111>, C4<0>, C4<0>, C4<0>;
v0000000002f99df0_51 .net/s v0000000002f99df0 51, 15 0, L_0000000004b9d440; 1 drivers
L_0000000004b9d488 .functor BUFT 1, C4<1111111110110110>, C4<0>, C4<0>, C4<0>;
v0000000002f99df0_52 .net/s v0000000002f99df0 52, 15 0, L_0000000004b9d488; 1 drivers
L_0000000004b9d4d0 .functor BUFT 1, C4<1111111101100110>, C4<0>, C4<0>, C4<0>;
v0000000002f99df0_53 .net/s v0000000002f99df0 53, 15 0, L_0000000004b9d4d0; 1 drivers
L_0000000004b9d518 .functor BUFT 1, C4<1111111101111101>, C4<0>, C4<0>, C4<0>;
v0000000002f99df0_54 .net/s v0000000002f99df0 54, 15 0, L_0000000004b9d518; 1 drivers
L_0000000004b9d560 .functor BUFT 1, C4<1111111111010010>, C4<0>, C4<0>, C4<0>;
v0000000002f99df0_55 .net/s v0000000002f99df0 55, 15 0, L_0000000004b9d560; 1 drivers
L_0000000004b9d5a8 .functor BUFT 1, C4<0000000000100110>, C4<0>, C4<0>, C4<0>;
v0000000002f99df0_56 .net/s v0000000002f99df0 56, 15 0, L_0000000004b9d5a8; 1 drivers
L_0000000004b9d5f0 .functor BUFT 1, C4<0000000001001101>, C4<0>, C4<0>, C4<0>;
v0000000002f99df0_57 .net/s v0000000002f99df0 57, 15 0, L_0000000004b9d5f0; 1 drivers
L_0000000004b9d638 .functor BUFT 1, C4<0000000001000000>, C4<0>, C4<0>, C4<0>;
v0000000002f99df0_58 .net/s v0000000002f99df0 58, 15 0, L_0000000004b9d638; 1 drivers
L_0000000004b9d680 .functor BUFT 1, C4<0000000000010110>, C4<0>, C4<0>, C4<0>;
v0000000002f99df0_59 .net/s v0000000002f99df0 59, 15 0, L_0000000004b9d680; 1 drivers
L_0000000004b9d6c8 .functor BUFT 1, C4<1111111111101111>, C4<0>, C4<0>, C4<0>;
v0000000002f99df0_60 .net/s v0000000002f99df0 60, 15 0, L_0000000004b9d6c8; 1 drivers
L_0000000004b9d710 .functor BUFT 1, C4<1111111111011111>, C4<0>, C4<0>, C4<0>;
v0000000002f99df0_61 .net/s v0000000002f99df0 61, 15 0, L_0000000004b9d710; 1 drivers
L_0000000004b9d758 .functor BUFT 1, C4<1111111111011011>, C4<0>, C4<0>, C4<0>;
v0000000002f99df0_62 .net/s v0000000002f99df0 62, 15 0, L_0000000004b9d758; 1 drivers
L_0000000004b9d7a0 .functor BUFT 1, C4<0000000000000011>, C4<0>, C4<0>, C4<0>;
v0000000002f99df0_63 .net/s v0000000002f99df0 63, 15 0, L_0000000004b9d7a0; 1 drivers
v0000000002f9a610_0 .var/s "data_in_buf", 11 0;
v0000000002f9b0b0 .array/s "delay_pipeline", 0 63, 11 0;
v0000000002f9b1f0 .array/s "product", 0 63, 29 0;
v0000000002f998f0_0 .net "rst", 0 0, v0000000002f97040_0;  1 drivers
v0000000002f99ad0_0 .net/s "signal_in", 11 0, v0000000002f96b40_0;  1 drivers
v0000000002f96320_0 .net/s "signal_out", 11 0, L_0000000002f97180;  alias, 1 drivers
v0000000002f96780_0 .var/s "sum_buf", 29 0;
v0000000002f96140_0 .var/s "unit", 29 0;
E_0000000004b40f50 .event edge, v0000000002f96780_0;
E_0000000004b40610/0 .event negedge, v0000000002f998f0_0;
E_0000000004b40610/1 .event posedge, v0000000002f9af70_0;
E_0000000004b40610 .event/or E_0000000004b40610/0, E_0000000004b40610/1;
L_0000000002f97180 .part v0000000002f96140_0, 0, 12;
    .scope S_0000000002f02510;
T_0 ;
    %wait E_0000000004b40610;
    %load/vec4 v0000000002f998f0_0;
    %nor/r;
    %flag_set/vec4 8;
    %jmp/0xz  T_0.0, 8;
    %pushi/vec4 0, 0, 12;
    %assign/vec4 v0000000002f9a610_0, 0;
    %jmp T_0.1;
T_0.0 ;
    %load/vec4 v0000000002f99ad0_0;
    %assign/vec4 v0000000002f9a610_0, 0;
T_0.1 ;
    %jmp T_0;
    .thread T_0;
    .scope S_0000000002f02510;
T_1 ;
    %wait E_0000000004b40610;
    %load/vec4 v0000000002f998f0_0;
    %nor/r;
    %flag_set/vec4 8;
    %jmp/0xz  T_1.0, 8;
    %pushi/vec4 0, 0, 12;
    %ix/load 3, 0, 0;
    %flag_set/imm 4, 0;
    %ix/load 4, 0, 0; Constant delay
    %assign/vec4/a/d v0000000002f9b0b0, 0, 4;
    %pushi/vec4 0, 0, 12;
    %ix/load 3, 1, 0;
    %flag_set/imm 4, 0;
    %ix/load 4, 0, 0; Constant delay
    %assign/vec4/a/d v0000000002f9b0b0, 0, 4;
    %pushi/vec4 0, 0, 12;
    %ix/load 3, 2, 0;
    %flag_set/imm 4, 0;
    %ix/load 4, 0, 0; Constant delay
    %assign/vec4/a/d v0000000002f9b0b0, 0, 4;
    %pushi/vec4 0, 0, 12;
    %ix/load 3, 3, 0;
    %flag_set/imm 4, 0;
    %ix/load 4, 0, 0; Constant delay
    %assign/vec4/a/d v0000000002f9b0b0, 0, 4;
    %pushi/vec4 0, 0, 12;
    %ix/load 3, 4, 0;
    %flag_set/imm 4, 0;
    %ix/load 4, 0, 0; Constant delay
    %assign/vec4/a/d v0000000002f9b0b0, 0, 4;
    %pushi/vec4 0, 0, 12;
    %ix/load 3, 5, 0;
    %flag_set/imm 4, 0;
    %ix/load 4, 0, 0; Constant delay
    %assign/vec4/a/d v0000000002f9b0b0, 0, 4;
    %pushi/vec4 0, 0, 12;
    %ix/load 3, 6, 0;
    %flag_set/imm 4, 0;
    %ix/load 4, 0, 0; Constant delay
    %assign/vec4/a/d v0000000002f9b0b0, 0, 4;
    %pushi/vec4 0, 0, 12;
    %ix/load 3, 7, 0;
    %flag_set/imm 4, 0;
    %ix/load 4, 0, 0; Constant delay
    %assign/vec4/a/d v0000000002f9b0b0, 0, 4;
    %pushi/vec4 0, 0, 12;
    %ix/load 3, 8, 0;
    %flag_set/imm 4, 0;
    %ix/load 4, 0, 0; Constant delay
    %assign/vec4/a/d v0000000002f9b0b0, 0, 4;
    %pushi/vec4 0, 0, 12;
    %ix/load 3, 9, 0;
    %flag_set/imm 4, 0;
    %ix/load 4, 0, 0; Constant delay
    %assign/vec4/a/d v0000000002f9b0b0, 0, 4;
    %pushi/vec4 0, 0, 12;
    %ix/load 3, 10, 0;
    %flag_set/imm 4, 0;
    %ix/load 4, 0, 0; Constant delay
    %assign/vec4/a/d v0000000002f9b0b0, 0, 4;
    %pushi/vec4 0, 0, 12;
    %ix/load 3, 11, 0;
    %flag_set/imm 4, 0;
    %ix/load 4, 0, 0; Constant delay
    %assign/vec4/a/d v0000000002f9b0b0, 0, 4;
    %pushi/vec4 0, 0, 12;
    %ix/load 3, 12, 0;
    %flag_set/imm 4, 0;
    %ix/load 4, 0, 0; Constant delay
    %assign/vec4/a/d v0000000002f9b0b0, 0, 4;
    %pushi/vec4 0, 0, 12;
    %ix/load 3, 13, 0;
    %flag_set/imm 4, 0;
    %ix/load 4, 0, 0; Constant delay
    %assign/vec4/a/d v0000000002f9b0b0, 0, 4;
    %pushi/vec4 0, 0, 12;
    %ix/load 3, 14, 0;
    %flag_set/imm 4, 0;
    %ix/load 4, 0, 0; Constant delay
    %assign/vec4/a/d v0000000002f9b0b0, 0, 4;
    %pushi/vec4 0, 0, 12;
    %ix/load 3, 15, 0;
    %flag_set/imm 4, 0;
    %ix/load 4, 0, 0; Constant delay
    %assign/vec4/a/d v0000000002f9b0b0, 0, 4;
    %pushi/vec4 0, 0, 12;
    %ix/load 3, 16, 0;
    %flag_set/imm 4, 0;
    %ix/load 4, 0, 0; Constant delay
    %assign/vec4/a/d v0000000002f9b0b0, 0, 4;
    %pushi/vec4 0, 0, 12;
    %ix/load 3, 17, 0;
    %flag_set/imm 4, 0;
    %ix/load 4, 0, 0; Constant delay
    %assign/vec4/a/d v0000000002f9b0b0, 0, 4;
    %pushi/vec4 0, 0, 12;
    %ix/load 3, 18, 0;
    %flag_set/imm 4, 0;
    %ix/load 4, 0, 0; Constant delay
    %assign/vec4/a/d v0000000002f9b0b0, 0, 4;
    %pushi/vec4 0, 0, 12;
    %ix/load 3, 19, 0;
    %flag_set/imm 4, 0;
    %ix/load 4, 0, 0; Constant delay
    %assign/vec4/a/d v0000000002f9b0b0, 0, 4;
    %pushi/vec4 0, 0, 12;
    %ix/load 3, 20, 0;
    %flag_set/imm 4, 0;
    %ix/load 4, 0, 0; Constant delay
    %assign/vec4/a/d v0000000002f9b0b0, 0, 4;
    %pushi/vec4 0, 0, 12;
    %ix/load 3, 21, 0;
    %flag_set/imm 4, 0;
    %ix/load 4, 0, 0; Constant delay
    %assign/vec4/a/d v0000000002f9b0b0, 0, 4;
    %pushi/vec4 0, 0, 12;
    %ix/load 3, 22, 0;
    %flag_set/imm 4, 0;
    %ix/load 4, 0, 0; Constant delay
    %assign/vec4/a/d v0000000002f9b0b0, 0, 4;
    %pushi/vec4 0, 0, 12;
    %ix/load 3, 23, 0;
    %flag_set/imm 4, 0;
    %ix/load 4, 0, 0; Constant delay
    %assign/vec4/a/d v0000000002f9b0b0, 0, 4;
    %pushi/vec4 0, 0, 12;
    %ix/load 3, 24, 0;
    %flag_set/imm 4, 0;
    %ix/load 4, 0, 0; Constant delay
    %assign/vec4/a/d v0000000002f9b0b0, 0, 4;
    %pushi/vec4 0, 0, 12;
    %ix/load 3, 25, 0;
    %flag_set/imm 4, 0;
    %ix/load 4, 0, 0; Constant delay
    %assign/vec4/a/d v0000000002f9b0b0, 0, 4;
    %pushi/vec4 0, 0, 12;
    %ix/load 3, 26, 0;
    %flag_set/imm 4, 0;
    %ix/load 4, 0, 0; Constant delay
    %assign/vec4/a/d v0000000002f9b0b0, 0, 4;
    %pushi/vec4 0, 0, 12;
    %ix/load 3, 27, 0;
    %flag_set/imm 4, 0;
    %ix/load 4, 0, 0; Constant delay
    %assign/vec4/a/d v0000000002f9b0b0, 0, 4;
    %pushi/vec4 0, 0, 12;
    %ix/load 3, 28, 0;
    %flag_set/imm 4, 0;
    %ix/load 4, 0, 0; Constant delay
    %assign/vec4/a/d v0000000002f9b0b0, 0, 4;
    %pushi/vec4 0, 0, 12;
    %ix/load 3, 29, 0;
    %flag_set/imm 4, 0;
    %ix/load 4, 0, 0; Constant delay
    %assign/vec4/a/d v0000000002f9b0b0, 0, 4;
    %pushi/vec4 0, 0, 12;
    %ix/load 3, 30, 0;
    %flag_set/imm 4, 0;
    %ix/load 4, 0, 0; Constant delay
    %assign/vec4/a/d v0000000002f9b0b0, 0, 4;
    %pushi/vec4 0, 0, 12;
    %ix/load 3, 31, 0;
    %flag_set/imm 4, 0;
    %ix/load 4, 0, 0; Constant delay
    %assign/vec4/a/d v0000000002f9b0b0, 0, 4;
    %pushi/vec4 0, 0, 12;
    %ix/load 3, 32, 0;
    %flag_set/imm 4, 0;
    %ix/load 4, 0, 0; Constant delay
    %assign/vec4/a/d v0000000002f9b0b0, 0, 4;
    %pushi/vec4 0, 0, 12;
    %ix/load 3, 33, 0;
    %flag_set/imm 4, 0;
    %ix/load 4, 0, 0; Constant delay
    %assign/vec4/a/d v0000000002f9b0b0, 0, 4;
    %pushi/vec4 0, 0, 12;
    %ix/load 3, 34, 0;
    %flag_set/imm 4, 0;
    %ix/load 4, 0, 0; Constant delay
    %assign/vec4/a/d v0000000002f9b0b0, 0, 4;
    %pushi/vec4 0, 0, 12;
    %ix/load 3, 35, 0;
    %flag_set/imm 4, 0;
    %ix/load 4, 0, 0; Constant delay
    %assign/vec4/a/d v0000000002f9b0b0, 0, 4;
    %pushi/vec4 0, 0, 12;
    %ix/load 3, 36, 0;
    %flag_set/imm 4, 0;
    %ix/load 4, 0, 0; Constant delay
    %assign/vec4/a/d v0000000002f9b0b0, 0, 4;
    %pushi/vec4 0, 0, 12;
    %ix/load 3, 37, 0;
    %flag_set/imm 4, 0;
    %ix/load 4, 0, 0; Constant delay
    %assign/vec4/a/d v0000000002f9b0b0, 0, 4;
    %pushi/vec4 0, 0, 12;
    %ix/load 3, 38, 0;
    %flag_set/imm 4, 0;
    %ix/load 4, 0, 0; Constant delay
    %assign/vec4/a/d v0000000002f9b0b0, 0, 4;
    %pushi/vec4 0, 0, 12;
    %ix/load 3, 39, 0;
    %flag_set/imm 4, 0;
    %ix/load 4, 0, 0; Constant delay
    %assign/vec4/a/d v0000000002f9b0b0, 0, 4;
    %pushi/vec4 0, 0, 12;
    %ix/load 3, 40, 0;
    %flag_set/imm 4, 0;
    %ix/load 4, 0, 0; Constant delay
    %assign/vec4/a/d v0000000002f9b0b0, 0, 4;
    %pushi/vec4 0, 0, 12;
    %ix/load 3, 41, 0;
    %flag_set/imm 4, 0;
    %ix/load 4, 0, 0; Constant delay
    %assign/vec4/a/d v0000000002f9b0b0, 0, 4;
    %pushi/vec4 0, 0, 12;
    %ix/load 3, 42, 0;
    %flag_set/imm 4, 0;
    %ix/load 4, 0, 0; Constant delay
    %assign/vec4/a/d v0000000002f9b0b0, 0, 4;
    %pushi/vec4 0, 0, 12;
    %ix/load 3, 43, 0;
    %flag_set/imm 4, 0;
    %ix/load 4, 0, 0; Constant delay
    %assign/vec4/a/d v0000000002f9b0b0, 0, 4;
    %pushi/vec4 0, 0, 12;
    %ix/load 3, 44, 0;
    %flag_set/imm 4, 0;
    %ix/load 4, 0, 0; Constant delay
    %assign/vec4/a/d v0000000002f9b0b0, 0, 4;
    %pushi/vec4 0, 0, 12;
    %ix/load 3, 45, 0;
    %flag_set/imm 4, 0;
    %ix/load 4, 0, 0; Constant delay
    %assign/vec4/a/d v0000000002f9b0b0, 0, 4;
    %pushi/vec4 0, 0, 12;
    %ix/load 3, 46, 0;
    %flag_set/imm 4, 0;
    %ix/load 4, 0, 0; Constant delay
    %assign/vec4/a/d v0000000002f9b0b0, 0, 4;
    %pushi/vec4 0, 0, 12;
    %ix/load 3, 47, 0;
    %flag_set/imm 4, 0;
    %ix/load 4, 0, 0; Constant delay
    %assign/vec4/a/d v0000000002f9b0b0, 0, 4;
    %pushi/vec4 0, 0, 12;
    %ix/load 3, 48, 0;
    %flag_set/imm 4, 0;
    %ix/load 4, 0, 0; Constant delay
    %assign/vec4/a/d v0000000002f9b0b0, 0, 4;
    %pushi/vec4 0, 0, 12;
    %ix/load 3, 49, 0;
    %flag_set/imm 4, 0;
    %ix/load 4, 0, 0; Constant delay
    %assign/vec4/a/d v0000000002f9b0b0, 0, 4;
    %pushi/vec4 0, 0, 12;
    %ix/load 3, 50, 0;
    %flag_set/imm 4, 0;
    %ix/load 4, 0, 0; Constant delay
    %assign/vec4/a/d v0000000002f9b0b0, 0, 4;
    %pushi/vec4 0, 0, 12;
    %ix/load 3, 51, 0;
    %flag_set/imm 4, 0;
    %ix/load 4, 0, 0; Constant delay
    %assign/vec4/a/d v0000000002f9b0b0, 0, 4;
    %pushi/vec4 0, 0, 12;
    %ix/load 3, 52, 0;
    %flag_set/imm 4, 0;
    %ix/load 4, 0, 0; Constant delay
    %assign/vec4/a/d v0000000002f9b0b0, 0, 4;
    %pushi/vec4 0, 0, 12;
    %ix/load 3, 53, 0;
    %flag_set/imm 4, 0;
    %ix/load 4, 0, 0; Constant delay
    %assign/vec4/a/d v0000000002f9b0b0, 0, 4;
    %pushi/vec4 0, 0, 12;
    %ix/load 3, 54, 0;
    %flag_set/imm 4, 0;
    %ix/load 4, 0, 0; Constant delay
    %assign/vec4/a/d v0000000002f9b0b0, 0, 4;
    %pushi/vec4 0, 0, 12;
    %ix/load 3, 55, 0;
    %flag_set/imm 4, 0;
    %ix/load 4, 0, 0; Constant delay
    %assign/vec4/a/d v0000000002f9b0b0, 0, 4;
    %pushi/vec4 0, 0, 12;
    %ix/load 3, 56, 0;
    %flag_set/imm 4, 0;
    %ix/load 4, 0, 0; Constant delay
    %assign/vec4/a/d v0000000002f9b0b0, 0, 4;
    %pushi/vec4 0, 0, 12;
    %ix/load 3, 57, 0;
    %flag_set/imm 4, 0;
    %ix/load 4, 0, 0; Constant delay
    %assign/vec4/a/d v0000000002f9b0b0, 0, 4;
    %pushi/vec4 0, 0, 12;
    %ix/load 3, 58, 0;
    %flag_set/imm 4, 0;
    %ix/load 4, 0, 0; Constant delay
    %assign/vec4/a/d v0000000002f9b0b0, 0, 4;
    %pushi/vec4 0, 0, 12;
    %ix/load 3, 59, 0;
    %flag_set/imm 4, 0;
    %ix/load 4, 0, 0; Constant delay
    %assign/vec4/a/d v0000000002f9b0b0, 0, 4;
    %pushi/vec4 0, 0, 12;
    %ix/load 3, 60, 0;
    %flag_set/imm 4, 0;
    %ix/load 4, 0, 0; Constant delay
    %assign/vec4/a/d v0000000002f9b0b0, 0, 4;
    %pushi/vec4 0, 0, 12;
    %ix/load 3, 61, 0;
    %flag_set/imm 4, 0;
    %ix/load 4, 0, 0; Constant delay
    %assign/vec4/a/d v0000000002f9b0b0, 0, 4;
    %pushi/vec4 0, 0, 12;
    %ix/load 3, 62, 0;
    %flag_set/imm 4, 0;
    %ix/load 4, 0, 0; Constant delay
    %assign/vec4/a/d v0000000002f9b0b0, 0, 4;
    %pushi/vec4 0, 0, 12;
    %ix/load 3, 63, 0;
    %flag_set/imm 4, 0;
    %ix/load 4, 0, 0; Constant delay
    %assign/vec4/a/d v0000000002f9b0b0, 0, 4;
    %jmp T_1.1;
T_1.0 ;
    %load/vec4 v0000000002f9a610_0;
    %ix/load 3, 0, 0;
    %flag_set/imm 4, 0;
    %ix/load 4, 0, 0; Constant delay
    %assign/vec4/a/d v0000000002f9b0b0, 0, 4;
    %ix/load 4, 0, 0;
    %flag_set/imm 4, 0;
    %load/vec4a v0000000002f9b0b0, 4;
    %ix/load 3, 1, 0;
    %flag_set/imm 4, 0;
    %ix/load 4, 0, 0; Constant delay
    %assign/vec4/a/d v0000000002f9b0b0, 0, 4;
    %ix/load 4, 1, 0;
    %flag_set/imm 4, 0;
    %load/vec4a v0000000002f9b0b0, 4;
    %ix/load 3, 2, 0;
    %flag_set/imm 4, 0;
    %ix/load 4, 0, 0; Constant delay
    %assign/vec4/a/d v0000000002f9b0b0, 0, 4;
    %ix/load 4, 2, 0;
    %flag_set/imm 4, 0;
    %load/vec4a v0000000002f9b0b0, 4;
    %ix/load 3, 3, 0;
    %flag_set/imm 4, 0;
    %ix/load 4, 0, 0; Constant delay
    %assign/vec4/a/d v0000000002f9b0b0, 0, 4;
    %ix/load 4, 3, 0;
    %flag_set/imm 4, 0;
    %load/vec4a v0000000002f9b0b0, 4;
    %ix/load 3, 4, 0;
    %flag_set/imm 4, 0;
    %ix/load 4, 0, 0; Constant delay
    %assign/vec4/a/d v0000000002f9b0b0, 0, 4;
    %ix/load 4, 4, 0;
    %flag_set/imm 4, 0;
    %load/vec4a v0000000002f9b0b0, 4;
    %ix/load 3, 5, 0;
    %flag_set/imm 4, 0;
    %ix/load 4, 0, 0; Constant delay
    %assign/vec4/a/d v0000000002f9b0b0, 0, 4;
    %ix/load 4, 5, 0;
    %flag_set/imm 4, 0;
    %load/vec4a v0000000002f9b0b0, 4;
    %ix/load 3, 6, 0;
    %flag_set/imm 4, 0;
    %ix/load 4, 0, 0; Constant delay
    %assign/vec4/a/d v0000000002f9b0b0, 0, 4;
    %ix/load 4, 6, 0;
    %flag_set/imm 4, 0;
    %load/vec4a v0000000002f9b0b0, 4;
    %ix/load 3, 7, 0;
    %flag_set/imm 4, 0;
    %ix/load 4, 0, 0; Constant delay
    %assign/vec4/a/d v0000000002f9b0b0, 0, 4;
    %ix/load 4, 7, 0;
    %flag_set/imm 4, 0;
    %load/vec4a v0000000002f9b0b0, 4;
    %ix/load 3, 8, 0;
    %flag_set/imm 4, 0;
    %ix/load 4, 0, 0; Constant delay
    %assign/vec4/a/d v0000000002f9b0b0, 0, 4;
    %ix/load 4, 8, 0;
    %flag_set/imm 4, 0;
    %load/vec4a v0000000002f9b0b0, 4;
    %ix/load 3, 9, 0;
    %flag_set/imm 4, 0;
    %ix/load 4, 0, 0; Constant delay
    %assign/vec4/a/d v0000000002f9b0b0, 0, 4;
    %ix/load 4, 9, 0;
    %flag_set/imm 4, 0;
    %load/vec4a v0000000002f9b0b0, 4;
    %ix/load 3, 10, 0;
    %flag_set/imm 4, 0;
    %ix/load 4, 0, 0; Constant delay
    %assign/vec4/a/d v0000000002f9b0b0, 0, 4;
    %ix/load 4, 10, 0;
    %flag_set/imm 4, 0;
    %load/vec4a v0000000002f9b0b0, 4;
    %ix/load 3, 11, 0;
    %flag_set/imm 4, 0;
    %ix/load 4, 0, 0; Constant delay
    %assign/vec4/a/d v0000000002f9b0b0, 0, 4;
    %ix/load 4, 11, 0;
    %flag_set/imm 4, 0;
    %load/vec4a v0000000002f9b0b0, 4;
    %ix/load 3, 12, 0;
    %flag_set/imm 4, 0;
    %ix/load 4, 0, 0; Constant delay
    %assign/vec4/a/d v0000000002f9b0b0, 0, 4;
    %ix/load 4, 12, 0;
    %flag_set/imm 4, 0;
    %load/vec4a v0000000002f9b0b0, 4;
    %ix/load 3, 13, 0;
    %flag_set/imm 4, 0;
    %ix/load 4, 0, 0; Constant delay
    %assign/vec4/a/d v0000000002f9b0b0, 0, 4;
    %ix/load 4, 13, 0;
    %flag_set/imm 4, 0;
    %load/vec4a v0000000002f9b0b0, 4;
    %ix/load 3, 14, 0;
    %flag_set/imm 4, 0;
    %ix/load 4, 0, 0; Constant delay
    %assign/vec4/a/d v0000000002f9b0b0, 0, 4;
    %ix/load 4, 14, 0;
    %flag_set/imm 4, 0;
    %load/vec4a v0000000002f9b0b0, 4;
    %ix/load 3, 15, 0;
    %flag_set/imm 4, 0;
    %ix/load 4, 0, 0; Constant delay
    %assign/vec4/a/d v0000000002f9b0b0, 0, 4;
    %ix/load 4, 15, 0;
    %flag_set/imm 4, 0;
    %load/vec4a v0000000002f9b0b0, 4;
    %ix/load 3, 16, 0;
    %flag_set/imm 4, 0;
    %ix/load 4, 0, 0; Constant delay
    %assign/vec4/a/d v0000000002f9b0b0, 0, 4;
    %ix/load 4, 16, 0;
    %flag_set/imm 4, 0;
    %load/vec4a v0000000002f9b0b0, 4;
    %ix/load 3, 17, 0;
    %flag_set/imm 4, 0;
    %ix/load 4, 0, 0; Constant delay
    %assign/vec4/a/d v0000000002f9b0b0, 0, 4;
    %ix/load 4, 17, 0;
    %flag_set/imm 4, 0;
    %load/vec4a v0000000002f9b0b0, 4;
    %ix/load 3, 18, 0;
    %flag_set/imm 4, 0;
    %ix/load 4, 0, 0; Constant delay
    %assign/vec4/a/d v0000000002f9b0b0, 0, 4;
    %ix/load 4, 18, 0;
    %flag_set/imm 4, 0;
    %load/vec4a v0000000002f9b0b0, 4;
    %ix/load 3, 19, 0;
    %flag_set/imm 4, 0;
    %ix/load 4, 0, 0; Constant delay
    %assign/vec4/a/d v0000000002f9b0b0, 0, 4;
    %ix/load 4, 19, 0;
    %flag_set/imm 4, 0;
    %load/vec4a v0000000002f9b0b0, 4;
    %ix/load 3, 20, 0;
    %flag_set/imm 4, 0;
    %ix/load 4, 0, 0; Constant delay
    %assign/vec4/a/d v0000000002f9b0b0, 0, 4;
    %ix/load 4, 20, 0;
    %flag_set/imm 4, 0;
    %load/vec4a v0000000002f9b0b0, 4;
    %ix/load 3, 21, 0;
    %flag_set/imm 4, 0;
    %ix/load 4, 0, 0; Constant delay
    %assign/vec4/a/d v0000000002f9b0b0, 0, 4;
    %ix/load 4, 21, 0;
    %flag_set/imm 4, 0;
    %load/vec4a v0000000002f9b0b0, 4;
    %ix/load 3, 22, 0;
    %flag_set/imm 4, 0;
    %ix/load 4, 0, 0; Constant delay
    %assign/vec4/a/d v0000000002f9b0b0, 0, 4;
    %ix/load 4, 22, 0;
    %flag_set/imm 4, 0;
    %load/vec4a v0000000002f9b0b0, 4;
    %ix/load 3, 23, 0;
    %flag_set/imm 4, 0;
    %ix/load 4, 0, 0; Constant delay
    %assign/vec4/a/d v0000000002f9b0b0, 0, 4;
    %ix/load 4, 23, 0;
    %flag_set/imm 4, 0;
    %load/vec4a v0000000002f9b0b0, 4;
    %ix/load 3, 24, 0;
    %flag_set/imm 4, 0;
    %ix/load 4, 0, 0; Constant delay
    %assign/vec4/a/d v0000000002f9b0b0, 0, 4;
    %ix/load 4, 24, 0;
    %flag_set/imm 4, 0;
    %load/vec4a v0000000002f9b0b0, 4;
    %ix/load 3, 25, 0;
    %flag_set/imm 4, 0;
    %ix/load 4, 0, 0; Constant delay
    %assign/vec4/a/d v0000000002f9b0b0, 0, 4;
    %ix/load 4, 25, 0;
    %flag_set/imm 4, 0;
    %load/vec4a v0000000002f9b0b0, 4;
    %ix/load 3, 26, 0;
    %flag_set/imm 4, 0;
    %ix/load 4, 0, 0; Constant delay
    %assign/vec4/a/d v0000000002f9b0b0, 0, 4;
    %ix/load 4, 26, 0;
    %flag_set/imm 4, 0;
    %load/vec4a v0000000002f9b0b0, 4;
    %ix/load 3, 27, 0;
    %flag_set/imm 4, 0;
    %ix/load 4, 0, 0; Constant delay
    %assign/vec4/a/d v0000000002f9b0b0, 0, 4;
    %ix/load 4, 27, 0;
    %flag_set/imm 4, 0;
    %load/vec4a v0000000002f9b0b0, 4;
    %ix/load 3, 28, 0;
    %flag_set/imm 4, 0;
    %ix/load 4, 0, 0; Constant delay
    %assign/vec4/a/d v0000000002f9b0b0, 0, 4;
    %ix/load 4, 28, 0;
    %flag_set/imm 4, 0;
    %load/vec4a v0000000002f9b0b0, 4;
    %ix/load 3, 29, 0;
    %flag_set/imm 4, 0;
    %ix/load 4, 0, 0; Constant delay
    %assign/vec4/a/d v0000000002f9b0b0, 0, 4;
    %ix/load 4, 29, 0;
    %flag_set/imm 4, 0;
    %load/vec4a v0000000002f9b0b0, 4;
    %ix/load 3, 30, 0;
    %flag_set/imm 4, 0;
    %ix/load 4, 0, 0; Constant delay
    %assign/vec4/a/d v0000000002f9b0b0, 0, 4;
    %ix/load 4, 30, 0;
    %flag_set/imm 4, 0;
    %load/vec4a v0000000002f9b0b0, 4;
    %ix/load 3, 31, 0;
    %flag_set/imm 4, 0;
    %ix/load 4, 0, 0; Constant delay
    %assign/vec4/a/d v0000000002f9b0b0, 0, 4;
    %ix/load 4, 31, 0;
    %flag_set/imm 4, 0;
    %load/vec4a v0000000002f9b0b0, 4;
    %ix/load 3, 32, 0;
    %flag_set/imm 4, 0;
    %ix/load 4, 0, 0; Constant delay
    %assign/vec4/a/d v0000000002f9b0b0, 0, 4;
    %ix/load 4, 32, 0;
    %flag_set/imm 4, 0;
    %load/vec4a v0000000002f9b0b0, 4;
    %ix/load 3, 33, 0;
    %flag_set/imm 4, 0;
    %ix/load 4, 0, 0; Constant delay
    %assign/vec4/a/d v0000000002f9b0b0, 0, 4;
    %ix/load 4, 33, 0;
    %flag_set/imm 4, 0;
    %load/vec4a v0000000002f9b0b0, 4;
    %ix/load 3, 34, 0;
    %flag_set/imm 4, 0;
    %ix/load 4, 0, 0; Constant delay
    %assign/vec4/a/d v0000000002f9b0b0, 0, 4;
    %ix/load 4, 34, 0;
    %flag_set/imm 4, 0;
    %load/vec4a v0000000002f9b0b0, 4;
    %ix/load 3, 35, 0;
    %flag_set/imm 4, 0;
    %ix/load 4, 0, 0; Constant delay
    %assign/vec4/a/d v0000000002f9b0b0, 0, 4;
    %ix/load 4, 35, 0;
    %flag_set/imm 4, 0;
    %load/vec4a v0000000002f9b0b0, 4;
    %ix/load 3, 36, 0;
    %flag_set/imm 4, 0;
    %ix/load 4, 0, 0; Constant delay
    %assign/vec4/a/d v0000000002f9b0b0, 0, 4;
    %ix/load 4, 36, 0;
    %flag_set/imm 4, 0;
    %load/vec4a v0000000002f9b0b0, 4;
    %ix/load 3, 37, 0;
    %flag_set/imm 4, 0;
    %ix/load 4, 0, 0; Constant delay
    %assign/vec4/a/d v0000000002f9b0b0, 0, 4;
    %ix/load 4, 37, 0;
    %flag_set/imm 4, 0;
    %load/vec4a v0000000002f9b0b0, 4;
    %ix/load 3, 38, 0;
    %flag_set/imm 4, 0;
    %ix/load 4, 0, 0; Constant delay
    %assign/vec4/a/d v0000000002f9b0b0, 0, 4;
    %ix/load 4, 38, 0;
    %flag_set/imm 4, 0;
    %load/vec4a v0000000002f9b0b0, 4;
    %ix/load 3, 39, 0;
    %flag_set/imm 4, 0;
    %ix/load 4, 0, 0; Constant delay
    %assign/vec4/a/d v0000000002f9b0b0, 0, 4;
    %ix/load 4, 39, 0;
    %flag_set/imm 4, 0;
    %load/vec4a v0000000002f9b0b0, 4;
    %ix/load 3, 40, 0;
    %flag_set/imm 4, 0;
    %ix/load 4, 0, 0; Constant delay
    %assign/vec4/a/d v0000000002f9b0b0, 0, 4;
    %ix/load 4, 40, 0;
    %flag_set/imm 4, 0;
    %load/vec4a v0000000002f9b0b0, 4;
    %ix/load 3, 41, 0;
    %flag_set/imm 4, 0;
    %ix/load 4, 0, 0; Constant delay
    %assign/vec4/a/d v0000000002f9b0b0, 0, 4;
    %ix/load 4, 41, 0;
    %flag_set/imm 4, 0;
    %load/vec4a v0000000002f9b0b0, 4;
    %ix/load 3, 42, 0;
    %flag_set/imm 4, 0;
    %ix/load 4, 0, 0; Constant delay
    %assign/vec4/a/d v0000000002f9b0b0, 0, 4;
    %ix/load 4, 42, 0;
    %flag_set/imm 4, 0;
    %load/vec4a v0000000002f9b0b0, 4;
    %ix/load 3, 43, 0;
    %flag_set/imm 4, 0;
    %ix/load 4, 0, 0; Constant delay
    %assign/vec4/a/d v0000000002f9b0b0, 0, 4;
    %ix/load 4, 43, 0;
    %flag_set/imm 4, 0;
    %load/vec4a v0000000002f9b0b0, 4;
    %ix/load 3, 44, 0;
    %flag_set/imm 4, 0;
    %ix/load 4, 0, 0; Constant delay
    %assign/vec4/a/d v0000000002f9b0b0, 0, 4;
    %ix/load 4, 44, 0;
    %flag_set/imm 4, 0;
    %load/vec4a v0000000002f9b0b0, 4;
    %ix/load 3, 45, 0;
    %flag_set/imm 4, 0;
    %ix/load 4, 0, 0; Constant delay
    %assign/vec4/a/d v0000000002f9b0b0, 0, 4;
    %ix/load 4, 45, 0;
    %flag_set/imm 4, 0;
    %load/vec4a v0000000002f9b0b0, 4;
    %ix/load 3, 46, 0;
    %flag_set/imm 4, 0;
    %ix/load 4, 0, 0; Constant delay
    %assign/vec4/a/d v0000000002f9b0b0, 0, 4;
    %ix/load 4, 46, 0;
    %flag_set/imm 4, 0;
    %load/vec4a v0000000002f9b0b0, 4;
    %ix/load 3, 47, 0;
    %flag_set/imm 4, 0;
    %ix/load 4, 0, 0; Constant delay
    %assign/vec4/a/d v0000000002f9b0b0, 0, 4;
    %ix/load 4, 47, 0;
    %flag_set/imm 4, 0;
    %load/vec4a v0000000002f9b0b0, 4;
    %ix/load 3, 48, 0;
    %flag_set/imm 4, 0;
    %ix/load 4, 0, 0; Constant delay
    %assign/vec4/a/d v0000000002f9b0b0, 0, 4;
    %ix/load 4, 48, 0;
    %flag_set/imm 4, 0;
    %load/vec4a v0000000002f9b0b0, 4;
    %ix/load 3, 49, 0;
    %flag_set/imm 4, 0;
    %ix/load 4, 0, 0; Constant delay
    %assign/vec4/a/d v0000000002f9b0b0, 0, 4;
    %ix/load 4, 49, 0;
    %flag_set/imm 4, 0;
    %load/vec4a v0000000002f9b0b0, 4;
    %ix/load 3, 50, 0;
    %flag_set/imm 4, 0;
    %ix/load 4, 0, 0; Constant delay
    %assign/vec4/a/d v0000000002f9b0b0, 0, 4;
    %ix/load 4, 50, 0;
    %flag_set/imm 4, 0;
    %load/vec4a v0000000002f9b0b0, 4;
    %ix/load 3, 51, 0;
    %flag_set/imm 4, 0;
    %ix/load 4, 0, 0; Constant delay
    %assign/vec4/a/d v0000000002f9b0b0, 0, 4;
    %ix/load 4, 51, 0;
    %flag_set/imm 4, 0;
    %load/vec4a v0000000002f9b0b0, 4;
    %ix/load 3, 52, 0;
    %flag_set/imm 4, 0;
    %ix/load 4, 0, 0; Constant delay
    %assign/vec4/a/d v0000000002f9b0b0, 0, 4;
    %ix/load 4, 52, 0;
    %flag_set/imm 4, 0;
    %load/vec4a v0000000002f9b0b0, 4;
    %ix/load 3, 53, 0;
    %flag_set/imm 4, 0;
    %ix/load 4, 0, 0; Constant delay
    %assign/vec4/a/d v0000000002f9b0b0, 0, 4;
    %ix/load 4, 53, 0;
    %flag_set/imm 4, 0;
    %load/vec4a v0000000002f9b0b0, 4;
    %ix/load 3, 54, 0;
    %flag_set/imm 4, 0;
    %ix/load 4, 0, 0; Constant delay
    %assign/vec4/a/d v0000000002f9b0b0, 0, 4;
    %ix/load 4, 54, 0;
    %flag_set/imm 4, 0;
    %load/vec4a v0000000002f9b0b0, 4;
    %ix/load 3, 55, 0;
    %flag_set/imm 4, 0;
    %ix/load 4, 0, 0; Constant delay
    %assign/vec4/a/d v0000000002f9b0b0, 0, 4;
    %ix/load 4, 55, 0;
    %flag_set/imm 4, 0;
    %load/vec4a v0000000002f9b0b0, 4;
    %ix/load 3, 56, 0;
    %flag_set/imm 4, 0;
    %ix/load 4, 0, 0; Constant delay
    %assign/vec4/a/d v0000000002f9b0b0, 0, 4;
    %ix/load 4, 56, 0;
    %flag_set/imm 4, 0;
    %load/vec4a v0000000002f9b0b0, 4;
    %ix/load 3, 57, 0;
    %flag_set/imm 4, 0;
    %ix/load 4, 0, 0; Constant delay
    %assign/vec4/a/d v0000000002f9b0b0, 0, 4;
    %ix/load 4, 57, 0;
    %flag_set/imm 4, 0;
    %load/vec4a v0000000002f9b0b0, 4;
    %ix/load 3, 58, 0;
    %flag_set/imm 4, 0;
    %ix/load 4, 0, 0; Constant delay
    %assign/vec4/a/d v0000000002f9b0b0, 0, 4;
    %ix/load 4, 58, 0;
    %flag_set/imm 4, 0;
    %load/vec4a v0000000002f9b0b0, 4;
    %ix/load 3, 59, 0;
    %flag_set/imm 4, 0;
    %ix/load 4, 0, 0; Constant delay
    %assign/vec4/a/d v0000000002f9b0b0, 0, 4;
    %ix/load 4, 59, 0;
    %flag_set/imm 4, 0;
    %load/vec4a v0000000002f9b0b0, 4;
    %ix/load 3, 60, 0;
    %flag_set/imm 4, 0;
    %ix/load 4, 0, 0; Constant delay
    %assign/vec4/a/d v0000000002f9b0b0, 0, 4;
    %ix/load 4, 60, 0;
    %flag_set/imm 4, 0;
    %load/vec4a v0000000002f9b0b0, 4;
    %ix/load 3, 61, 0;
    %flag_set/imm 4, 0;
    %ix/load 4, 0, 0; Constant delay
    %assign/vec4/a/d v0000000002f9b0b0, 0, 4;
    %ix/load 4, 61, 0;
    %flag_set/imm 4, 0;
    %load/vec4a v0000000002f9b0b0, 4;
    %ix/load 3, 62, 0;
    %flag_set/imm 4, 0;
    %ix/load 4, 0, 0; Constant delay
    %assign/vec4/a/d v0000000002f9b0b0, 0, 4;
    %ix/load 4, 62, 0;
    %flag_set/imm 4, 0;
    %load/vec4a v0000000002f9b0b0, 4;
    %ix/load 3, 63, 0;
    %flag_set/imm 4, 0;
    %ix/load 4, 0, 0; Constant delay
    %assign/vec4/a/d v0000000002f9b0b0, 0, 4;
T_1.1 ;
    %jmp T_1;
    .thread T_1;
    .scope S_0000000002f02510;
T_2 ;
    %wait E_0000000004b40610;
    %load/vec4 v0000000002f998f0_0;
    %nor/r;
    %flag_set/vec4 8;
    %jmp/0xz  T_2.0, 8;
    %pushi/vec4 0, 0, 30;
    %ix/load 3, 0, 0;
    %flag_set/imm 4, 0;
    %ix/load 4, 0, 0; Constant delay
    %assign/vec4/a/d v0000000002f9b1f0, 0, 4;
    %pushi/vec4 0, 0, 30;
    %ix/load 3, 1, 0;
    %flag_set/imm 4, 0;
    %ix/load 4, 0, 0; Constant delay
    %assign/vec4/a/d v0000000002f9b1f0, 0, 4;
    %pushi/vec4 0, 0, 30;
    %ix/load 3, 2, 0;
    %flag_set/imm 4, 0;
    %ix/load 4, 0, 0; Constant delay
    %assign/vec4/a/d v0000000002f9b1f0, 0, 4;
    %pushi/vec4 0, 0, 30;
    %ix/load 3, 3, 0;
    %flag_set/imm 4, 0;
    %ix/load 4, 0, 0; Constant delay
    %assign/vec4/a/d v0000000002f9b1f0, 0, 4;
    %pushi/vec4 0, 0, 30;
    %ix/load 3, 4, 0;
    %flag_set/imm 4, 0;
    %ix/load 4, 0, 0; Constant delay
    %assign/vec4/a/d v0000000002f9b1f0, 0, 4;
    %pushi/vec4 0, 0, 30;
    %ix/load 3, 5, 0;
    %flag_set/imm 4, 0;
    %ix/load 4, 0, 0; Constant delay
    %assign/vec4/a/d v0000000002f9b1f0, 0, 4;
    %pushi/vec4 0, 0, 30;
    %ix/load 3, 6, 0;
    %flag_set/imm 4, 0;
    %ix/load 4, 0, 0; Constant delay
    %assign/vec4/a/d v0000000002f9b1f0, 0, 4;
    %pushi/vec4 0, 0, 30;
    %ix/load 3, 7, 0;
    %flag_set/imm 4, 0;
    %ix/load 4, 0, 0; Constant delay
    %assign/vec4/a/d v0000000002f9b1f0, 0, 4;
    %pushi/vec4 0, 0, 30;
    %ix/load 3, 8, 0;
    %flag_set/imm 4, 0;
    %ix/load 4, 0, 0; Constant delay
    %assign/vec4/a/d v0000000002f9b1f0, 0, 4;
    %pushi/vec4 0, 0, 30;
    %ix/load 3, 9, 0;
    %flag_set/imm 4, 0;
    %ix/load 4, 0, 0; Constant delay
    %assign/vec4/a/d v0000000002f9b1f0, 0, 4;
    %pushi/vec4 0, 0, 30;
    %ix/load 3, 10, 0;
    %flag_set/imm 4, 0;
    %ix/load 4, 0, 0; Constant delay
    %assign/vec4/a/d v0000000002f9b1f0, 0, 4;
    %pushi/vec4 0, 0, 30;
    %ix/load 3, 11, 0;
    %flag_set/imm 4, 0;
    %ix/load 4, 0, 0; Constant delay
    %assign/vec4/a/d v0000000002f9b1f0, 0, 4;
    %pushi/vec4 0, 0, 30;
    %ix/load 3, 12, 0;
    %flag_set/imm 4, 0;
    %ix/load 4, 0, 0; Constant delay
    %assign/vec4/a/d v0000000002f9b1f0, 0, 4;
    %pushi/vec4 0, 0, 30;
    %ix/load 3, 13, 0;
    %flag_set/imm 4, 0;
    %ix/load 4, 0, 0; Constant delay
    %assign/vec4/a/d v0000000002f9b1f0, 0, 4;
    %pushi/vec4 0, 0, 30;
    %ix/load 3, 14, 0;
    %flag_set/imm 4, 0;
    %ix/load 4, 0, 0; Constant delay
    %assign/vec4/a/d v0000000002f9b1f0, 0, 4;
    %pushi/vec4 0, 0, 30;
    %ix/load 3, 15, 0;
    %flag_set/imm 4, 0;
    %ix/load 4, 0, 0; Constant delay
    %assign/vec4/a/d v0000000002f9b1f0, 0, 4;
    %pushi/vec4 0, 0, 30;
    %ix/load 3, 16, 0;
    %flag_set/imm 4, 0;
    %ix/load 4, 0, 0; Constant delay
    %assign/vec4/a/d v0000000002f9b1f0, 0, 4;
    %pushi/vec4 0, 0, 30;
    %ix/load 3, 17, 0;
    %flag_set/imm 4, 0;
    %ix/load 4, 0, 0; Constant delay
    %assign/vec4/a/d v0000000002f9b1f0, 0, 4;
    %pushi/vec4 0, 0, 30;
    %ix/load 3, 18, 0;
    %flag_set/imm 4, 0;
    %ix/load 4, 0, 0; Constant delay
    %assign/vec4/a/d v0000000002f9b1f0, 0, 4;
    %pushi/vec4 0, 0, 30;
    %ix/load 3, 19, 0;
    %flag_set/imm 4, 0;
    %ix/load 4, 0, 0; Constant delay
    %assign/vec4/a/d v0000000002f9b1f0, 0, 4;
    %pushi/vec4 0, 0, 30;
    %ix/load 3, 20, 0;
    %flag_set/imm 4, 0;
    %ix/load 4, 0, 0; Constant delay
    %assign/vec4/a/d v0000000002f9b1f0, 0, 4;
    %pushi/vec4 0, 0, 30;
    %ix/load 3, 21, 0;
    %flag_set/imm 4, 0;
    %ix/load 4, 0, 0; Constant delay
    %assign/vec4/a/d v0000000002f9b1f0, 0, 4;
    %pushi/vec4 0, 0, 30;
    %ix/load 3, 22, 0;
    %flag_set/imm 4, 0;
    %ix/load 4, 0, 0; Constant delay
    %assign/vec4/a/d v0000000002f9b1f0, 0, 4;
    %pushi/vec4 0, 0, 30;
    %ix/load 3, 23, 0;
    %flag_set/imm 4, 0;
    %ix/load 4, 0, 0; Constant delay
    %assign/vec4/a/d v0000000002f9b1f0, 0, 4;
    %pushi/vec4 0, 0, 30;
    %ix/load 3, 24, 0;
    %flag_set/imm 4, 0;
    %ix/load 4, 0, 0; Constant delay
    %assign/vec4/a/d v0000000002f9b1f0, 0, 4;
    %pushi/vec4 0, 0, 30;
    %ix/load 3, 25, 0;
    %flag_set/imm 4, 0;
    %ix/load 4, 0, 0; Constant delay
    %assign/vec4/a/d v0000000002f9b1f0, 0, 4;
    %pushi/vec4 0, 0, 30;
    %ix/load 3, 26, 0;
    %flag_set/imm 4, 0;
    %ix/load 4, 0, 0; Constant delay
    %assign/vec4/a/d v0000000002f9b1f0, 0, 4;
    %pushi/vec4 0, 0, 30;
    %ix/load 3, 27, 0;
    %flag_set/imm 4, 0;
    %ix/load 4, 0, 0; Constant delay
    %assign/vec4/a/d v0000000002f9b1f0, 0, 4;
    %pushi/vec4 0, 0, 30;
    %ix/load 3, 28, 0;
    %flag_set/imm 4, 0;
    %ix/load 4, 0, 0; Constant delay
    %assign/vec4/a/d v0000000002f9b1f0, 0, 4;
    %pushi/vec4 0, 0, 30;
    %ix/load 3, 29, 0;
    %flag_set/imm 4, 0;
    %ix/load 4, 0, 0; Constant delay
    %assign/vec4/a/d v0000000002f9b1f0, 0, 4;
    %pushi/vec4 0, 0, 30;
    %ix/load 3, 30, 0;
    %flag_set/imm 4, 0;
    %ix/load 4, 0, 0; Constant delay
    %assign/vec4/a/d v0000000002f9b1f0, 0, 4;
    %pushi/vec4 0, 0, 30;
    %ix/load 3, 31, 0;
    %flag_set/imm 4, 0;
    %ix/load 4, 0, 0; Constant delay
    %assign/vec4/a/d v0000000002f9b1f0, 0, 4;
    %pushi/vec4 0, 0, 30;
    %ix/load 3, 32, 0;
    %flag_set/imm 4, 0;
    %ix/load 4, 0, 0; Constant delay
    %assign/vec4/a/d v0000000002f9b1f0, 0, 4;
    %pushi/vec4 0, 0, 30;
    %ix/load 3, 33, 0;
    %flag_set/imm 4, 0;
    %ix/load 4, 0, 0; Constant delay
    %assign/vec4/a/d v0000000002f9b1f0, 0, 4;
    %pushi/vec4 0, 0, 30;
    %ix/load 3, 34, 0;
    %flag_set/imm 4, 0;
    %ix/load 4, 0, 0; Constant delay
    %assign/vec4/a/d v0000000002f9b1f0, 0, 4;
    %pushi/vec4 0, 0, 30;
    %ix/load 3, 35, 0;
    %flag_set/imm 4, 0;
    %ix/load 4, 0, 0; Constant delay
    %assign/vec4/a/d v0000000002f9b1f0, 0, 4;
    %pushi/vec4 0, 0, 30;
    %ix/load 3, 36, 0;
    %flag_set/imm 4, 0;
    %ix/load 4, 0, 0; Constant delay
    %assign/vec4/a/d v0000000002f9b1f0, 0, 4;
    %pushi/vec4 0, 0, 30;
    %ix/load 3, 37, 0;
    %flag_set/imm 4, 0;
    %ix/load 4, 0, 0; Constant delay
    %assign/vec4/a/d v0000000002f9b1f0, 0, 4;
    %pushi/vec4 0, 0, 30;
    %ix/load 3, 38, 0;
    %flag_set/imm 4, 0;
    %ix/load 4, 0, 0; Constant delay
    %assign/vec4/a/d v0000000002f9b1f0, 0, 4;
    %pushi/vec4 0, 0, 30;
    %ix/load 3, 39, 0;
    %flag_set/imm 4, 0;
    %ix/load 4, 0, 0; Constant delay
    %assign/vec4/a/d v0000000002f9b1f0, 0, 4;
    %pushi/vec4 0, 0, 30;
    %ix/load 3, 40, 0;
    %flag_set/imm 4, 0;
    %ix/load 4, 0, 0; Constant delay
    %assign/vec4/a/d v0000000002f9b1f0, 0, 4;
    %pushi/vec4 0, 0, 30;
    %ix/load 3, 41, 0;
    %flag_set/imm 4, 0;
    %ix/load 4, 0, 0; Constant delay
    %assign/vec4/a/d v0000000002f9b1f0, 0, 4;
    %pushi/vec4 0, 0, 30;
    %ix/load 3, 42, 0;
    %flag_set/imm 4, 0;
    %ix/load 4, 0, 0; Constant delay
    %assign/vec4/a/d v0000000002f9b1f0, 0, 4;
    %pushi/vec4 0, 0, 30;
    %ix/load 3, 43, 0;
    %flag_set/imm 4, 0;
    %ix/load 4, 0, 0; Constant delay
    %assign/vec4/a/d v0000000002f9b1f0, 0, 4;
    %pushi/vec4 0, 0, 30;
    %ix/load 3, 44, 0;
    %flag_set/imm 4, 0;
    %ix/load 4, 0, 0; Constant delay
    %assign/vec4/a/d v0000000002f9b1f0, 0, 4;
    %pushi/vec4 0, 0, 30;
    %ix/load 3, 45, 0;
    %flag_set/imm 4, 0;
    %ix/load 4, 0, 0; Constant delay
    %assign/vec4/a/d v0000000002f9b1f0, 0, 4;
    %pushi/vec4 0, 0, 30;
    %ix/load 3, 46, 0;
    %flag_set/imm 4, 0;
    %ix/load 4, 0, 0; Constant delay
    %assign/vec4/a/d v0000000002f9b1f0, 0, 4;
    %pushi/vec4 0, 0, 30;
    %ix/load 3, 47, 0;
    %flag_set/imm 4, 0;
    %ix/load 4, 0, 0; Constant delay
    %assign/vec4/a/d v0000000002f9b1f0, 0, 4;
    %pushi/vec4 0, 0, 30;
    %ix/load 3, 48, 0;
    %flag_set/imm 4, 0;
    %ix/load 4, 0, 0; Constant delay
    %assign/vec4/a/d v0000000002f9b1f0, 0, 4;
    %pushi/vec4 0, 0, 30;
    %ix/load 3, 49, 0;
    %flag_set/imm 4, 0;
    %ix/load 4, 0, 0; Constant delay
    %assign/vec4/a/d v0000000002f9b1f0, 0, 4;
    %pushi/vec4 0, 0, 30;
    %ix/load 3, 50, 0;
    %flag_set/imm 4, 0;
    %ix/load 4, 0, 0; Constant delay
    %assign/vec4/a/d v0000000002f9b1f0, 0, 4;
    %pushi/vec4 0, 0, 30;
    %ix/load 3, 51, 0;
    %flag_set/imm 4, 0;
    %ix/load 4, 0, 0; Constant delay
    %assign/vec4/a/d v0000000002f9b1f0, 0, 4;
    %pushi/vec4 0, 0, 30;
    %ix/load 3, 52, 0;
    %flag_set/imm 4, 0;
    %ix/load 4, 0, 0; Constant delay
    %assign/vec4/a/d v0000000002f9b1f0, 0, 4;
    %pushi/vec4 0, 0, 30;
    %ix/load 3, 53, 0;
    %flag_set/imm 4, 0;
    %ix/load 4, 0, 0; Constant delay
    %assign/vec4/a/d v0000000002f9b1f0, 0, 4;
    %pushi/vec4 0, 0, 30;
    %ix/load 3, 54, 0;
    %flag_set/imm 4, 0;
    %ix/load 4, 0, 0; Constant delay
    %assign/vec4/a/d v0000000002f9b1f0, 0, 4;
    %pushi/vec4 0, 0, 30;
    %ix/load 3, 55, 0;
    %flag_set/imm 4, 0;
    %ix/load 4, 0, 0; Constant delay
    %assign/vec4/a/d v0000000002f9b1f0, 0, 4;
    %pushi/vec4 0, 0, 30;
    %ix/load 3, 56, 0;
    %flag_set/imm 4, 0;
    %ix/load 4, 0, 0; Constant delay
    %assign/vec4/a/d v0000000002f9b1f0, 0, 4;
    %pushi/vec4 0, 0, 30;
    %ix/load 3, 57, 0;
    %flag_set/imm 4, 0;
    %ix/load 4, 0, 0; Constant delay
    %assign/vec4/a/d v0000000002f9b1f0, 0, 4;
    %pushi/vec4 0, 0, 30;
    %ix/load 3, 58, 0;
    %flag_set/imm 4, 0;
    %ix/load 4, 0, 0; Constant delay
    %assign/vec4/a/d v0000000002f9b1f0, 0, 4;
    %pushi/vec4 0, 0, 30;
    %ix/load 3, 59, 0;
    %flag_set/imm 4, 0;
    %ix/load 4, 0, 0; Constant delay
    %assign/vec4/a/d v0000000002f9b1f0, 0, 4;
    %pushi/vec4 0, 0, 30;
    %ix/load 3, 60, 0;
    %flag_set/imm 4, 0;
    %ix/load 4, 0, 0; Constant delay
    %assign/vec4/a/d v0000000002f9b1f0, 0, 4;
    %pushi/vec4 0, 0, 30;
    %ix/load 3, 61, 0;
    %flag_set/imm 4, 0;
    %ix/load 4, 0, 0; Constant delay
    %assign/vec4/a/d v0000000002f9b1f0, 0, 4;
    %pushi/vec4 0, 0, 30;
    %ix/load 3, 62, 0;
    %flag_set/imm 4, 0;
    %ix/load 4, 0, 0; Constant delay
    %assign/vec4/a/d v0000000002f9b1f0, 0, 4;
    %pushi/vec4 0, 0, 30;
    %ix/load 3, 63, 0;
    %flag_set/imm 4, 0;
    %ix/load 4, 0, 0; Constant delay
    %assign/vec4/a/d v0000000002f9b1f0, 0, 4;
    %jmp T_2.1;
T_2.0 ;
    %ix/load 4, 0, 0;
    %flag_set/imm 4, 0;
    %load/vec4a v0000000002f99df0, 4;
    %pad/s 30;
    %ix/load 4, 0, 0;
    %flag_set/imm 4, 0;
    %load/vec4a v0000000002f9b0b0, 4;
    %pad/s 30;
    %mul;
    %ix/load 3, 0, 0;
    %flag_set/imm 4, 0;
    %ix/load 4, 0, 0; Constant delay
    %assign/vec4/a/d v0000000002f9b1f0, 0, 4;
    %ix/load 4, 1, 0;
    %flag_set/imm 4, 0;
    %load/vec4a v0000000002f99df0, 4;
    %pad/s 30;
    %ix/load 4, 1, 0;
    %flag_set/imm 4, 0;
    %load/vec4a v0000000002f9b0b0, 4;
    %pad/s 30;
    %mul;
    %ix/load 3, 1, 0;
    %flag_set/imm 4, 0;
    %ix/load 4, 0, 0; Constant delay
    %assign/vec4/a/d v0000000002f9b1f0, 0, 4;
    %ix/load 4, 2, 0;
    %flag_set/imm 4, 0;
    %load/vec4a v0000000002f99df0, 4;
    %pad/s 30;
    %ix/load 4, 2, 0;
    %flag_set/imm 4, 0;
    %load/vec4a v0000000002f9b0b0, 4;
    %pad/s 30;
    %mul;
    %ix/load 3, 2, 0;
    %flag_set/imm 4, 0;
    %ix/load 4, 0, 0; Constant delay
    %assign/vec4/a/d v0000000002f9b1f0, 0, 4;
    %ix/load 4, 3, 0;
    %flag_set/imm 4, 0;
    %load/vec4a v0000000002f99df0, 4;
    %pad/s 30;
    %ix/load 4, 3, 0;
    %flag_set/imm 4, 0;
    %load/vec4a v0000000002f9b0b0, 4;
    %pad/s 30;
    %mul;
    %ix/load 3, 3, 0;
    %flag_set/imm 4, 0;
    %ix/load 4, 0, 0; Constant delay
    %assign/vec4/a/d v0000000002f9b1f0, 0, 4;
    %ix/load 4, 4, 0;
    %flag_set/imm 4, 0;
    %load/vec4a v0000000002f99df0, 4;
    %pad/s 30;
    %ix/load 4, 4, 0;
    %flag_set/imm 4, 0;
    %load/vec4a v0000000002f9b0b0, 4;
    %pad/s 30;
    %mul;
    %ix/load 3, 4, 0;
    %flag_set/imm 4, 0;
    %ix/load 4, 0, 0; Constant delay
    %assign/vec4/a/d v0000000002f9b1f0, 0, 4;
    %ix/load 4, 5, 0;
    %flag_set/imm 4, 0;
    %load/vec4a v0000000002f99df0, 4;
    %pad/s 30;
    %ix/load 4, 5, 0;
    %flag_set/imm 4, 0;
    %load/vec4a v0000000002f9b0b0, 4;
    %pad/s 30;
    %mul;
    %ix/load 3, 5, 0;
    %flag_set/imm 4, 0;
    %ix/load 4, 0, 0; Constant delay
    %assign/vec4/a/d v0000000002f9b1f0, 0, 4;
    %ix/load 4, 6, 0;
    %flag_set/imm 4, 0;
    %load/vec4a v0000000002f99df0, 4;
    %pad/s 30;
    %ix/load 4, 6, 0;
    %flag_set/imm 4, 0;
    %load/vec4a v0000000002f9b0b0, 4;
    %pad/s 30;
    %mul;
    %ix/load 3, 6, 0;
    %flag_set/imm 4, 0;
    %ix/load 4, 0, 0; Constant delay
    %assign/vec4/a/d v0000000002f9b1f0, 0, 4;
    %ix/load 4, 7, 0;
    %flag_set/imm 4, 0;
    %load/vec4a v0000000002f99df0, 4;
    %pad/s 30;
    %ix/load 4, 7, 0;
    %flag_set/imm 4, 0;
    %load/vec4a v0000000002f9b0b0, 4;
    %pad/s 30;
    %mul;
    %ix/load 3, 7, 0;
    %flag_set/imm 4, 0;
    %ix/load 4, 0, 0; Constant delay
    %assign/vec4/a/d v0000000002f9b1f0, 0, 4;
    %ix/load 4, 8, 0;
    %flag_set/imm 4, 0;
    %load/vec4a v0000000002f99df0, 4;
    %pad/s 30;
    %ix/load 4, 8, 0;
    %flag_set/imm 4, 0;
    %load/vec4a v0000000002f9b0b0, 4;
    %pad/s 30;
    %mul;
    %ix/load 3, 8, 0;
    %flag_set/imm 4, 0;
    %ix/load 4, 0, 0; Constant delay
    %assign/vec4/a/d v0000000002f9b1f0, 0, 4;
    %ix/load 4, 9, 0;
    %flag_set/imm 4, 0;
    %load/vec4a v0000000002f99df0, 4;
    %pad/s 30;
    %ix/load 4, 9, 0;
    %flag_set/imm 4, 0;
    %load/vec4a v0000000002f9b0b0, 4;
    %pad/s 30;
    %mul;
    %ix/load 3, 9, 0;
    %flag_set/imm 4, 0;
    %ix/load 4, 0, 0; Constant delay
    %assign/vec4/a/d v0000000002f9b1f0, 0, 4;
    %ix/load 4, 10, 0;
    %flag_set/imm 4, 0;
    %load/vec4a v0000000002f99df0, 4;
    %pad/s 30;
    %ix/load 4, 10, 0;
    %flag_set/imm 4, 0;
    %load/vec4a v0000000002f9b0b0, 4;
    %pad/s 30;
    %mul;
    %ix/load 3, 10, 0;
    %flag_set/imm 4, 0;
    %ix/load 4, 0, 0; Constant delay
    %assign/vec4/a/d v0000000002f9b1f0, 0, 4;
    %ix/load 4, 11, 0;
    %flag_set/imm 4, 0;
    %load/vec4a v0000000002f99df0, 4;
    %pad/s 30;
    %ix/load 4, 11, 0;
    %flag_set/imm 4, 0;
    %load/vec4a v0000000002f9b0b0, 4;
    %pad/s 30;
    %mul;
    %ix/load 3, 11, 0;
    %flag_set/imm 4, 0;
    %ix/load 4, 0, 0; Constant delay
    %assign/vec4/a/d v0000000002f9b1f0, 0, 4;
    %ix/load 4, 12, 0;
    %flag_set/imm 4, 0;
    %load/vec4a v0000000002f99df0, 4;
    %pad/s 30;
    %ix/load 4, 12, 0;
    %flag_set/imm 4, 0;
    %load/vec4a v0000000002f9b0b0, 4;
    %pad/s 30;
    %mul;
    %ix/load 3, 12, 0;
    %flag_set/imm 4, 0;
    %ix/load 4, 0, 0; Constant delay
    %assign/vec4/a/d v0000000002f9b1f0, 0, 4;
    %ix/load 4, 13, 0;
    %flag_set/imm 4, 0;
    %load/vec4a v0000000002f99df0, 4;
    %pad/s 30;
    %ix/load 4, 13, 0;
    %flag_set/imm 4, 0;
    %load/vec4a v0000000002f9b0b0, 4;
    %pad/s 30;
    %mul;
    %ix/load 3, 13, 0;
    %flag_set/imm 4, 0;
    %ix/load 4, 0, 0; Constant delay
    %assign/vec4/a/d v0000000002f9b1f0, 0, 4;
    %ix/load 4, 14, 0;
    %flag_set/imm 4, 0;
    %load/vec4a v0000000002f99df0, 4;
    %pad/s 30;
    %ix/load 4, 14, 0;
    %flag_set/imm 4, 0;
    %load/vec4a v0000000002f9b0b0, 4;
    %pad/s 30;
    %mul;
    %ix/load 3, 14, 0;
    %flag_set/imm 4, 0;
    %ix/load 4, 0, 0; Constant delay
    %assign/vec4/a/d v0000000002f9b1f0, 0, 4;
    %ix/load 4, 15, 0;
    %flag_set/imm 4, 0;
    %load/vec4a v0000000002f99df0, 4;
    %pad/s 30;
    %ix/load 4, 15, 0;
    %flag_set/imm 4, 0;
    %load/vec4a v0000000002f9b0b0, 4;
    %pad/s 30;
    %mul;
    %ix/load 3, 15, 0;
    %flag_set/imm 4, 0;
    %ix/load 4, 0, 0; Constant delay
    %assign/vec4/a/d v0000000002f9b1f0, 0, 4;
    %ix/load 4, 16, 0;
    %flag_set/imm 4, 0;
    %load/vec4a v0000000002f99df0, 4;
    %pad/s 30;
    %ix/load 4, 16, 0;
    %flag_set/imm 4, 0;
    %load/vec4a v0000000002f9b0b0, 4;
    %pad/s 30;
    %mul;
    %ix/load 3, 16, 0;
    %flag_set/imm 4, 0;
    %ix/load 4, 0, 0; Constant delay
    %assign/vec4/a/d v0000000002f9b1f0, 0, 4;
    %ix/load 4, 17, 0;
    %flag_set/imm 4, 0;
    %load/vec4a v0000000002f99df0, 4;
    %pad/s 30;
    %ix/load 4, 17, 0;
    %flag_set/imm 4, 0;
    %load/vec4a v0000000002f9b0b0, 4;
    %pad/s 30;
    %mul;
    %ix/load 3, 17, 0;
    %flag_set/imm 4, 0;
    %ix/load 4, 0, 0; Constant delay
    %assign/vec4/a/d v0000000002f9b1f0, 0, 4;
    %ix/load 4, 18, 0;
    %flag_set/imm 4, 0;
    %load/vec4a v0000000002f99df0, 4;
    %pad/s 30;
    %ix/load 4, 18, 0;
    %flag_set/imm 4, 0;
    %load/vec4a v0000000002f9b0b0, 4;
    %pad/s 30;
    %mul;
    %ix/load 3, 18, 0;
    %flag_set/imm 4, 0;
    %ix/load 4, 0, 0; Constant delay
    %assign/vec4/a/d v0000000002f9b1f0, 0, 4;
    %ix/load 4, 19, 0;
    %flag_set/imm 4, 0;
    %load/vec4a v0000000002f99df0, 4;
    %pad/s 30;
    %ix/load 4, 19, 0;
    %flag_set/imm 4, 0;
    %load/vec4a v0000000002f9b0b0, 4;
    %pad/s 30;
    %mul;
    %ix/load 3, 19, 0;
    %flag_set/imm 4, 0;
    %ix/load 4, 0, 0; Constant delay
    %assign/vec4/a/d v0000000002f9b1f0, 0, 4;
    %ix/load 4, 20, 0;
    %flag_set/imm 4, 0;
    %load/vec4a v0000000002f99df0, 4;
    %pad/s 30;
    %ix/load 4, 20, 0;
    %flag_set/imm 4, 0;
    %load/vec4a v0000000002f9b0b0, 4;
    %pad/s 30;
    %mul;
    %ix/load 3, 20, 0;
    %flag_set/imm 4, 0;
    %ix/load 4, 0, 0; Constant delay
    %assign/vec4/a/d v0000000002f9b1f0, 0, 4;
    %ix/load 4, 21, 0;
    %flag_set/imm 4, 0;
    %load/vec4a v0000000002f99df0, 4;
    %pad/s 30;
    %ix/load 4, 21, 0;
    %flag_set/imm 4, 0;
    %load/vec4a v0000000002f9b0b0, 4;
    %pad/s 30;
    %mul;
    %ix/load 3, 21, 0;
    %flag_set/imm 4, 0;
    %ix/load 4, 0, 0; Constant delay
    %assign/vec4/a/d v0000000002f9b1f0, 0, 4;
    %ix/load 4, 22, 0;
    %flag_set/imm 4, 0;
    %load/vec4a v0000000002f99df0, 4;
    %pad/s 30;
    %ix/load 4, 22, 0;
    %flag_set/imm 4, 0;
    %load/vec4a v0000000002f9b0b0, 4;
    %pad/s 30;
    %mul;
    %ix/load 3, 22, 0;
    %flag_set/imm 4, 0;
    %ix/load 4, 0, 0; Constant delay
    %assign/vec4/a/d v0000000002f9b1f0, 0, 4;
    %ix/load 4, 23, 0;
    %flag_set/imm 4, 0;
    %load/vec4a v0000000002f99df0, 4;
    %pad/s 30;
    %ix/load 4, 23, 0;
    %flag_set/imm 4, 0;
    %load/vec4a v0000000002f9b0b0, 4;
    %pad/s 30;
    %mul;
    %ix/load 3, 23, 0;
    %flag_set/imm 4, 0;
    %ix/load 4, 0, 0; Constant delay
    %assign/vec4/a/d v0000000002f9b1f0, 0, 4;
    %ix/load 4, 24, 0;
    %flag_set/imm 4, 0;
    %load/vec4a v0000000002f99df0, 4;
    %pad/s 30;
    %ix/load 4, 24, 0;
    %flag_set/imm 4, 0;
    %load/vec4a v0000000002f9b0b0, 4;
    %pad/s 30;
    %mul;
    %ix/load 3, 24, 0;
    %flag_set/imm 4, 0;
    %ix/load 4, 0, 0; Constant delay
    %assign/vec4/a/d v0000000002f9b1f0, 0, 4;
    %ix/load 4, 25, 0;
    %flag_set/imm 4, 0;
    %load/vec4a v0000000002f99df0, 4;
    %pad/s 30;
    %ix/load 4, 25, 0;
    %flag_set/imm 4, 0;
    %load/vec4a v0000000002f9b0b0, 4;
    %pad/s 30;
    %mul;
    %ix/load 3, 25, 0;
    %flag_set/imm 4, 0;
    %ix/load 4, 0, 0; Constant delay
    %assign/vec4/a/d v0000000002f9b1f0, 0, 4;
    %ix/load 4, 26, 0;
    %flag_set/imm 4, 0;
    %load/vec4a v0000000002f99df0, 4;
    %pad/s 30;
    %ix/load 4, 26, 0;
    %flag_set/imm 4, 0;
    %load/vec4a v0000000002f9b0b0, 4;
    %pad/s 30;
    %mul;
    %ix/load 3, 26, 0;
    %flag_set/imm 4, 0;
    %ix/load 4, 0, 0; Constant delay
    %assign/vec4/a/d v0000000002f9b1f0, 0, 4;
    %ix/load 4, 27, 0;
    %flag_set/imm 4, 0;
    %load/vec4a v0000000002f99df0, 4;
    %pad/s 30;
    %ix/load 4, 27, 0;
    %flag_set/imm 4, 0;
    %load/vec4a v0000000002f9b0b0, 4;
    %pad/s 30;
    %mul;
    %ix/load 3, 27, 0;
    %flag_set/imm 4, 0;
    %ix/load 4, 0, 0; Constant delay
    %assign/vec4/a/d v0000000002f9b1f0, 0, 4;
    %ix/load 4, 28, 0;
    %flag_set/imm 4, 0;
    %load/vec4a v0000000002f99df0, 4;
    %pad/s 30;
    %ix/load 4, 28, 0;
    %flag_set/imm 4, 0;
    %load/vec4a v0000000002f9b0b0, 4;
    %pad/s 30;
    %mul;
    %ix/load 3, 28, 0;
    %flag_set/imm 4, 0;
    %ix/load 4, 0, 0; Constant delay
    %assign/vec4/a/d v0000000002f9b1f0, 0, 4;
    %ix/load 4, 29, 0;
    %flag_set/imm 4, 0;
    %load/vec4a v0000000002f99df0, 4;
    %pad/s 30;
    %ix/load 4, 29, 0;
    %flag_set/imm 4, 0;
    %load/vec4a v0000000002f9b0b0, 4;
    %pad/s 30;
    %mul;
    %ix/load 3, 29, 0;
    %flag_set/imm 4, 0;
    %ix/load 4, 0, 0; Constant delay
    %assign/vec4/a/d v0000000002f9b1f0, 0, 4;
    %ix/load 4, 30, 0;
    %flag_set/imm 4, 0;
    %load/vec4a v0000000002f99df0, 4;
    %pad/s 30;
    %ix/load 4, 30, 0;
    %flag_set/imm 4, 0;
    %load/vec4a v0000000002f9b0b0, 4;
    %pad/s 30;
    %mul;
    %ix/load 3, 30, 0;
    %flag_set/imm 4, 0;
    %ix/load 4, 0, 0; Constant delay
    %assign/vec4/a/d v0000000002f9b1f0, 0, 4;
    %ix/load 4, 31, 0;
    %flag_set/imm 4, 0;
    %load/vec4a v0000000002f99df0, 4;
    %pad/s 30;
    %ix/load 4, 31, 0;
    %flag_set/imm 4, 0;
    %load/vec4a v0000000002f9b0b0, 4;
    %pad/s 30;
    %mul;
    %ix/load 3, 31, 0;
    %flag_set/imm 4, 0;
    %ix/load 4, 0, 0; Constant delay
    %assign/vec4/a/d v0000000002f9b1f0, 0, 4;
    %ix/load 4, 32, 0;
    %flag_set/imm 4, 0;
    %load/vec4a v0000000002f99df0, 4;
    %pad/s 30;
    %ix/load 4, 32, 0;
    %flag_set/imm 4, 0;
    %load/vec4a v0000000002f9b0b0, 4;
    %pad/s 30;
    %mul;
    %ix/load 3, 32, 0;
    %flag_set/imm 4, 0;
    %ix/load 4, 0, 0; Constant delay
    %assign/vec4/a/d v0000000002f9b1f0, 0, 4;
    %ix/load 4, 33, 0;
    %flag_set/imm 4, 0;
    %load/vec4a v0000000002f99df0, 4;
    %pad/s 30;
    %ix/load 4, 33, 0;
    %flag_set/imm 4, 0;
    %load/vec4a v0000000002f9b0b0, 4;
    %pad/s 30;
    %mul;
    %ix/load 3, 33, 0;
    %flag_set/imm 4, 0;
    %ix/load 4, 0, 0; Constant delay
    %assign/vec4/a/d v0000000002f9b1f0, 0, 4;
    %ix/load 4, 34, 0;
    %flag_set/imm 4, 0;
    %load/vec4a v0000000002f99df0, 4;
    %pad/s 30;
    %ix/load 4, 34, 0;
    %flag_set/imm 4, 0;
    %load/vec4a v0000000002f9b0b0, 4;
    %pad/s 30;
    %mul;
    %ix/load 3, 34, 0;
    %flag_set/imm 4, 0;
    %ix/load 4, 0, 0; Constant delay
    %assign/vec4/a/d v0000000002f9b1f0, 0, 4;
    %ix/load 4, 35, 0;
    %flag_set/imm 4, 0;
    %load/vec4a v0000000002f99df0, 4;
    %pad/s 30;
    %ix/load 4, 35, 0;
    %flag_set/imm 4, 0;
    %load/vec4a v0000000002f9b0b0, 4;
    %pad/s 30;
    %mul;
    %ix/load 3, 35, 0;
    %flag_set/imm 4, 0;
    %ix/load 4, 0, 0; Constant delay
    %assign/vec4/a/d v0000000002f9b1f0, 0, 4;
    %ix/load 4, 36, 0;
    %flag_set/imm 4, 0;
    %load/vec4a v0000000002f99df0, 4;
    %pad/s 30;
    %ix/load 4, 36, 0;
    %flag_set/imm 4, 0;
    %load/vec4a v0000000002f9b0b0, 4;
    %pad/s 30;
    %mul;
    %ix/load 3, 36, 0;
    %flag_set/imm 4, 0;
    %ix/load 4, 0, 0; Constant delay
    %assign/vec4/a/d v0000000002f9b1f0, 0, 4;
    %ix/load 4, 37, 0;
    %flag_set/imm 4, 0;
    %load/vec4a v0000000002f99df0, 4;
    %pad/s 30;
    %ix/load 4, 37, 0;
    %flag_set/imm 4, 0;
    %load/vec4a v0000000002f9b0b0, 4;
    %pad/s 30;
    %mul;
    %ix/load 3, 37, 0;
    %flag_set/imm 4, 0;
    %ix/load 4, 0, 0; Constant delay
    %assign/vec4/a/d v0000000002f9b1f0, 0, 4;
    %ix/load 4, 38, 0;
    %flag_set/imm 4, 0;
    %load/vec4a v0000000002f99df0, 4;
    %pad/s 30;
    %ix/load 4, 38, 0;
    %flag_set/imm 4, 0;
    %load/vec4a v0000000002f9b0b0, 4;
    %pad/s 30;
    %mul;
    %ix/load 3, 38, 0;
    %flag_set/imm 4, 0;
    %ix/load 4, 0, 0; Constant delay
    %assign/vec4/a/d v0000000002f9b1f0, 0, 4;
    %ix/load 4, 39, 0;
    %flag_set/imm 4, 0;
    %load/vec4a v0000000002f99df0, 4;
    %pad/s 30;
    %ix/load 4, 39, 0;
    %flag_set/imm 4, 0;
    %load/vec4a v0000000002f9b0b0, 4;
    %pad/s 30;
    %mul;
    %ix/load 3, 39, 0;
    %flag_set/imm 4, 0;
    %ix/load 4, 0, 0; Constant delay
    %assign/vec4/a/d v0000000002f9b1f0, 0, 4;
    %ix/load 4, 40, 0;
    %flag_set/imm 4, 0;
    %load/vec4a v0000000002f99df0, 4;
    %pad/s 30;
    %ix/load 4, 40, 0;
    %flag_set/imm 4, 0;
    %load/vec4a v0000000002f9b0b0, 4;
    %pad/s 30;
    %mul;
    %ix/load 3, 40, 0;
    %flag_set/imm 4, 0;
    %ix/load 4, 0, 0; Constant delay
    %assign/vec4/a/d v0000000002f9b1f0, 0, 4;
    %ix/load 4, 41, 0;
    %flag_set/imm 4, 0;
    %load/vec4a v0000000002f99df0, 4;
    %pad/s 30;
    %ix/load 4, 41, 0;
    %flag_set/imm 4, 0;
    %load/vec4a v0000000002f9b0b0, 4;
    %pad/s 30;
    %mul;
    %ix/load 3, 41, 0;
    %flag_set/imm 4, 0;
    %ix/load 4, 0, 0; Constant delay
    %assign/vec4/a/d v0000000002f9b1f0, 0, 4;
    %ix/load 4, 42, 0;
    %flag_set/imm 4, 0;
    %load/vec4a v0000000002f99df0, 4;
    %pad/s 30;
    %ix/load 4, 42, 0;
    %flag_set/imm 4, 0;
    %load/vec4a v0000000002f9b0b0, 4;
    %pad/s 30;
    %mul;
    %ix/load 3, 42, 0;
    %flag_set/imm 4, 0;
    %ix/load 4, 0, 0; Constant delay
    %assign/vec4/a/d v0000000002f9b1f0, 0, 4;
    %ix/load 4, 43, 0;
    %flag_set/imm 4, 0;
    %load/vec4a v0000000002f99df0, 4;
    %pad/s 30;
    %ix/load 4, 43, 0;
    %flag_set/imm 4, 0;
    %load/vec4a v0000000002f9b0b0, 4;
    %pad/s 30;
    %mul;
    %ix/load 3, 43, 0;
    %flag_set/imm 4, 0;
    %ix/load 4, 0, 0; Constant delay
    %assign/vec4/a/d v0000000002f9b1f0, 0, 4;
    %ix/load 4, 44, 0;
    %flag_set/imm 4, 0;
    %load/vec4a v0000000002f99df0, 4;
    %pad/s 30;
    %ix/load 4, 44, 0;
    %flag_set/imm 4, 0;
    %load/vec4a v0000000002f9b0b0, 4;
    %pad/s 30;
    %mul;
    %ix/load 3, 44, 0;
    %flag_set/imm 4, 0;
    %ix/load 4, 0, 0; Constant delay
    %assign/vec4/a/d v0000000002f9b1f0, 0, 4;
    %ix/load 4, 45, 0;
    %flag_set/imm 4, 0;
    %load/vec4a v0000000002f99df0, 4;
    %pad/s 30;
    %ix/load 4, 45, 0;
    %flag_set/imm 4, 0;
    %load/vec4a v0000000002f9b0b0, 4;
    %pad/s 30;
    %mul;
    %ix/load 3, 45, 0;
    %flag_set/imm 4, 0;
    %ix/load 4, 0, 0; Constant delay
    %assign/vec4/a/d v0000000002f9b1f0, 0, 4;
    %ix/load 4, 46, 0;
    %flag_set/imm 4, 0;
    %load/vec4a v0000000002f99df0, 4;
    %pad/s 30;
    %ix/load 4, 46, 0;
    %flag_set/imm 4, 0;
    %load/vec4a v0000000002f9b0b0, 4;
    %pad/s 30;
    %mul;
    %ix/load 3, 46, 0;
    %flag_set/imm 4, 0;
    %ix/load 4, 0, 0; Constant delay
    %assign/vec4/a/d v0000000002f9b1f0, 0, 4;
    %ix/load 4, 47, 0;
    %flag_set/imm 4, 0;
    %load/vec4a v0000000002f99df0, 4;
    %pad/s 30;
    %ix/load 4, 47, 0;
    %flag_set/imm 4, 0;
    %load/vec4a v0000000002f9b0b0, 4;
    %pad/s 30;
    %mul;
    %ix/load 3, 47, 0;
    %flag_set/imm 4, 0;
    %ix/load 4, 0, 0; Constant delay
    %assign/vec4/a/d v0000000002f9b1f0, 0, 4;
    %ix/load 4, 48, 0;
    %flag_set/imm 4, 0;
    %load/vec4a v0000000002f99df0, 4;
    %pad/s 30;
    %ix/load 4, 48, 0;
    %flag_set/imm 4, 0;
    %load/vec4a v0000000002f9b0b0, 4;
    %pad/s 30;
    %mul;
    %ix/load 3, 48, 0;
    %flag_set/imm 4, 0;
    %ix/load 4, 0, 0; Constant delay
    %assign/vec4/a/d v0000000002f9b1f0, 0, 4;
    %ix/load 4, 49, 0;
    %flag_set/imm 4, 0;
    %load/vec4a v0000000002f99df0, 4;
    %pad/s 30;
    %ix/load 4, 49, 0;
    %flag_set/imm 4, 0;
    %load/vec4a v0000000002f9b0b0, 4;
    %pad/s 30;
    %mul;
    %ix/load 3, 49, 0;
    %flag_set/imm 4, 0;
    %ix/load 4, 0, 0; Constant delay
    %assign/vec4/a/d v0000000002f9b1f0, 0, 4;
    %ix/load 4, 50, 0;
    %flag_set/imm 4, 0;
    %load/vec4a v0000000002f99df0, 4;
    %pad/s 30;
    %ix/load 4, 50, 0;
    %flag_set/imm 4, 0;
    %load/vec4a v0000000002f9b0b0, 4;
    %pad/s 30;
    %mul;
    %ix/load 3, 50, 0;
    %flag_set/imm 4, 0;
    %ix/load 4, 0, 0; Constant delay
    %assign/vec4/a/d v0000000002f9b1f0, 0, 4;
    %ix/load 4, 51, 0;
    %flag_set/imm 4, 0;
    %load/vec4a v0000000002f99df0, 4;
    %pad/s 30;
    %ix/load 4, 51, 0;
    %flag_set/imm 4, 0;
    %load/vec4a v0000000002f9b0b0, 4;
    %pad/s 30;
    %mul;
    %ix/load 3, 51, 0;
    %flag_set/imm 4, 0;
    %ix/load 4, 0, 0; Constant delay
    %assign/vec4/a/d v0000000002f9b1f0, 0, 4;
    %ix/load 4, 52, 0;
    %flag_set/imm 4, 0;
    %load/vec4a v0000000002f99df0, 4;
    %pad/s 30;
    %ix/load 4, 52, 0;
    %flag_set/imm 4, 0;
    %load/vec4a v0000000002f9b0b0, 4;
    %pad/s 30;
    %mul;
    %ix/load 3, 52, 0;
    %flag_set/imm 4, 0;
    %ix/load 4, 0, 0; Constant delay
    %assign/vec4/a/d v0000000002f9b1f0, 0, 4;
    %ix/load 4, 53, 0;
    %flag_set/imm 4, 0;
    %load/vec4a v0000000002f99df0, 4;
    %pad/s 30;
    %ix/load 4, 53, 0;
    %flag_set/imm 4, 0;
    %load/vec4a v0000000002f9b0b0, 4;
    %pad/s 30;
    %mul;
    %ix/load 3, 53, 0;
    %flag_set/imm 4, 0;
    %ix/load 4, 0, 0; Constant delay
    %assign/vec4/a/d v0000000002f9b1f0, 0, 4;
    %ix/load 4, 54, 0;
    %flag_set/imm 4, 0;
    %load/vec4a v0000000002f99df0, 4;
    %pad/s 30;
    %ix/load 4, 54, 0;
    %flag_set/imm 4, 0;
    %load/vec4a v0000000002f9b0b0, 4;
    %pad/s 30;
    %mul;
    %ix/load 3, 54, 0;
    %flag_set/imm 4, 0;
    %ix/load 4, 0, 0; Constant delay
    %assign/vec4/a/d v0000000002f9b1f0, 0, 4;
    %ix/load 4, 55, 0;
    %flag_set/imm 4, 0;
    %load/vec4a v0000000002f99df0, 4;
    %pad/s 30;
    %ix/load 4, 55, 0;
    %flag_set/imm 4, 0;
    %load/vec4a v0000000002f9b0b0, 4;
    %pad/s 30;
    %mul;
    %ix/load 3, 55, 0;
    %flag_set/imm 4, 0;
    %ix/load 4, 0, 0; Constant delay
    %assign/vec4/a/d v0000000002f9b1f0, 0, 4;
    %ix/load 4, 56, 0;
    %flag_set/imm 4, 0;
    %load/vec4a v0000000002f99df0, 4;
    %pad/s 30;
    %ix/load 4, 56, 0;
    %flag_set/imm 4, 0;
    %load/vec4a v0000000002f9b0b0, 4;
    %pad/s 30;
    %mul;
    %ix/load 3, 56, 0;
    %flag_set/imm 4, 0;
    %ix/load 4, 0, 0; Constant delay
    %assign/vec4/a/d v0000000002f9b1f0, 0, 4;
    %ix/load 4, 57, 0;
    %flag_set/imm 4, 0;
    %load/vec4a v0000000002f99df0, 4;
    %pad/s 30;
    %ix/load 4, 57, 0;
    %flag_set/imm 4, 0;
    %load/vec4a v0000000002f9b0b0, 4;
    %pad/s 30;
    %mul;
    %ix/load 3, 57, 0;
    %flag_set/imm 4, 0;
    %ix/load 4, 0, 0; Constant delay
    %assign/vec4/a/d v0000000002f9b1f0, 0, 4;
    %ix/load 4, 58, 0;
    %flag_set/imm 4, 0;
    %load/vec4a v0000000002f99df0, 4;
    %pad/s 30;
    %ix/load 4, 58, 0;
    %flag_set/imm 4, 0;
    %load/vec4a v0000000002f9b0b0, 4;
    %pad/s 30;
    %mul;
    %ix/load 3, 58, 0;
    %flag_set/imm 4, 0;
    %ix/load 4, 0, 0; Constant delay
    %assign/vec4/a/d v0000000002f9b1f0, 0, 4;
    %ix/load 4, 59, 0;
    %flag_set/imm 4, 0;
    %load/vec4a v0000000002f99df0, 4;
    %pad/s 30;
    %ix/load 4, 59, 0;
    %flag_set/imm 4, 0;
    %load/vec4a v0000000002f9b0b0, 4;
    %pad/s 30;
    %mul;
    %ix/load 3, 59, 0;
    %flag_set/imm 4, 0;
    %ix/load 4, 0, 0; Constant delay
    %assign/vec4/a/d v0000000002f9b1f0, 0, 4;
    %ix/load 4, 60, 0;
    %flag_set/imm 4, 0;
    %load/vec4a v0000000002f99df0, 4;
    %pad/s 30;
    %ix/load 4, 60, 0;
    %flag_set/imm 4, 0;
    %load/vec4a v0000000002f9b0b0, 4;
    %pad/s 30;
    %mul;
    %ix/load 3, 60, 0;
    %flag_set/imm 4, 0;
    %ix/load 4, 0, 0; Constant delay
    %assign/vec4/a/d v0000000002f9b1f0, 0, 4;
    %ix/load 4, 61, 0;
    %flag_set/imm 4, 0;
    %load/vec4a v0000000002f99df0, 4;
    %pad/s 30;
    %ix/load 4, 61, 0;
    %flag_set/imm 4, 0;
    %load/vec4a v0000000002f9b0b0, 4;
    %pad/s 30;
    %mul;
    %ix/load 3, 61, 0;
    %flag_set/imm 4, 0;
    %ix/load 4, 0, 0; Constant delay
    %assign/vec4/a/d v0000000002f9b1f0, 0, 4;
    %ix/load 4, 62, 0;
    %flag_set/imm 4, 0;
    %load/vec4a v0000000002f99df0, 4;
    %pad/s 30;
    %ix/load 4, 62, 0;
    %flag_set/imm 4, 0;
    %load/vec4a v0000000002f9b0b0, 4;
    %pad/s 30;
    %mul;
    %ix/load 3, 62, 0;
    %flag_set/imm 4, 0;
    %ix/load 4, 0, 0; Constant delay
    %assign/vec4/a/d v0000000002f9b1f0, 0, 4;
    %ix/load 4, 63, 0;
    %flag_set/imm 4, 0;
    %load/vec4a v0000000002f99df0, 4;
    %pad/s 30;
    %ix/load 4, 63, 0;
    %flag_set/imm 4, 0;
    %load/vec4a v0000000002f9b0b0, 4;
    %pad/s 30;
    %mul;
    %ix/load 3, 63, 0;
    %flag_set/imm 4, 0;
    %ix/load 4, 0, 0; Constant delay
    %assign/vec4/a/d v0000000002f9b1f0, 0, 4;
T_2.1 ;
    %jmp T_2;
    .thread T_2;
    .scope S_0000000002f02510;
T_3 ;
    %wait E_0000000004b40610;
    %load/vec4 v0000000002f998f0_0;
    %nor/r;
    %flag_set/vec4 8;
    %jmp/0xz  T_3.0, 8;
    %pushi/vec4 0, 0, 30;
    %assign/vec4 v0000000002f96780_0, 0;
    %jmp T_3.1;
T_3.0 ;
    %ix/load 4, 0, 0;
    %flag_set/imm 4, 0;
    %load/vec4a v0000000002f9b1f0, 4;
    %ix/load 4, 1, 0;
    %flag_set/imm 4, 0;
    %load/vec4a v0000000002f9b1f0, 4;
    %add;
    %ix/load 4, 2, 0;
    %flag_set/imm 4, 0;
    %load/vec4a v0000000002f9b1f0, 4;
    %add;
    %ix/load 4, 3, 0;
    %flag_set/imm 4, 0;
    %load/vec4a v0000000002f9b1f0, 4;
    %add;
    %ix/load 4, 4, 0;
    %flag_set/imm 4, 0;
    %load/vec4a v0000000002f9b1f0, 4;
    %add;
    %ix/load 4, 5, 0;
    %flag_set/imm 4, 0;
    %load/vec4a v0000000002f9b1f0, 4;
    %add;
    %ix/load 4, 6, 0;
    %flag_set/imm 4, 0;
    %load/vec4a v0000000002f9b1f0, 4;
    %add;
    %ix/load 4, 7, 0;
    %flag_set/imm 4, 0;
    %load/vec4a v0000000002f9b1f0, 4;
    %add;
    %ix/load 4, 8, 0;
    %flag_set/imm 4, 0;
    %load/vec4a v0000000002f9b1f0, 4;
    %add;
    %ix/load 4, 9, 0;
    %flag_set/imm 4, 0;
    %load/vec4a v0000000002f9b1f0, 4;
    %add;
    %ix/load 4, 10, 0;
    %flag_set/imm 4, 0;
    %load/vec4a v0000000002f9b1f0, 4;
    %add;
    %ix/load 4, 11, 0;
    %flag_set/imm 4, 0;
    %load/vec4a v0000000002f9b1f0, 4;
    %add;
    %ix/load 4, 12, 0;
    %flag_set/imm 4, 0;
    %load/vec4a v0000000002f9b1f0, 4;
    %add;
    %ix/load 4, 13, 0;
    %flag_set/imm 4, 0;
    %load/vec4a v0000000002f9b1f0, 4;
    %add;
    %ix/load 4, 14, 0;
    %flag_set/imm 4, 0;
    %load/vec4a v0000000002f9b1f0, 4;
    %add;
    %ix/load 4, 15, 0;
    %flag_set/imm 4, 0;
    %load/vec4a v0000000002f9b1f0, 4;
    %add;
    %ix/load 4, 16, 0;
    %flag_set/imm 4, 0;
    %load/vec4a v0000000002f9b1f0, 4;
    %add;
    %ix/load 4, 17, 0;
    %flag_set/imm 4, 0;
    %load/vec4a v0000000002f9b1f0, 4;
    %add;
    %ix/load 4, 18, 0;
    %flag_set/imm 4, 0;
    %load/vec4a v0000000002f9b1f0, 4;
    %add;
    %ix/load 4, 19, 0;
    %flag_set/imm 4, 0;
    %load/vec4a v0000000002f9b1f0, 4;
    %add;
    %ix/load 4, 20, 0;
    %flag_set/imm 4, 0;
    %load/vec4a v0000000002f9b1f0, 4;
    %add;
    %ix/load 4, 21, 0;
    %flag_set/imm 4, 0;
    %load/vec4a v0000000002f9b1f0, 4;
    %add;
    %ix/load 4, 22, 0;
    %flag_set/imm 4, 0;
    %load/vec4a v0000000002f9b1f0, 4;
    %add;
    %ix/load 4, 23, 0;
    %flag_set/imm 4, 0;
    %load/vec4a v0000000002f9b1f0, 4;
    %add;
    %ix/load 4, 24, 0;
    %flag_set/imm 4, 0;
    %load/vec4a v0000000002f9b1f0, 4;
    %add;
    %ix/load 4, 25, 0;
    %flag_set/imm 4, 0;
    %load/vec4a v0000000002f9b1f0, 4;
    %add;
    %ix/load 4, 26, 0;
    %flag_set/imm 4, 0;
    %load/vec4a v0000000002f9b1f0, 4;
    %add;
    %ix/load 4, 27, 0;
    %flag_set/imm 4, 0;
    %load/vec4a v0000000002f9b1f0, 4;
    %add;
    %ix/load 4, 28, 0;
    %flag_set/imm 4, 0;
    %load/vec4a v0000000002f9b1f0, 4;
    %add;
    %ix/load 4, 29, 0;
    %flag_set/imm 4, 0;
    %load/vec4a v0000000002f9b1f0, 4;
    %add;
    %ix/load 4, 30, 0;
    %flag_set/imm 4, 0;
    %load/vec4a v0000000002f9b1f0, 4;
    %add;
    %ix/load 4, 31, 0;
    %flag_set/imm 4, 0;
    %load/vec4a v0000000002f9b1f0, 4;
    %add;
    %ix/load 4, 32, 0;
    %flag_set/imm 4, 0;
    %load/vec4a v0000000002f9b1f0, 4;
    %add;
    %ix/load 4, 33, 0;
    %flag_set/imm 4, 0;
    %load/vec4a v0000000002f9b1f0, 4;
    %add;
    %ix/load 4, 34, 0;
    %flag_set/imm 4, 0;
    %load/vec4a v0000000002f9b1f0, 4;
    %add;
    %ix/load 4, 35, 0;
    %flag_set/imm 4, 0;
    %load/vec4a v0000000002f9b1f0, 4;
    %add;
    %ix/load 4, 36, 0;
    %flag_set/imm 4, 0;
    %load/vec4a v0000000002f9b1f0, 4;
    %add;
    %ix/load 4, 37, 0;
    %flag_set/imm 4, 0;
    %load/vec4a v0000000002f9b1f0, 4;
    %add;
    %ix/load 4, 38, 0;
    %flag_set/imm 4, 0;
    %load/vec4a v0000000002f9b1f0, 4;
    %add;
    %ix/load 4, 39, 0;
    %flag_set/imm 4, 0;
    %load/vec4a v0000000002f9b1f0, 4;
    %add;
    %ix/load 4, 40, 0;
    %flag_set/imm 4, 0;
    %load/vec4a v0000000002f9b1f0, 4;
    %add;
    %ix/load 4, 41, 0;
    %flag_set/imm 4, 0;
    %load/vec4a v0000000002f9b1f0, 4;
    %add;
    %ix/load 4, 42, 0;
    %flag_set/imm 4, 0;
    %load/vec4a v0000000002f9b1f0, 4;
    %add;
    %ix/load 4, 43, 0;
    %flag_set/imm 4, 0;
    %load/vec4a v0000000002f9b1f0, 4;
    %add;
    %ix/load 4, 44, 0;
    %flag_set/imm 4, 0;
    %load/vec4a v0000000002f9b1f0, 4;
    %add;
    %ix/load 4, 45, 0;
    %flag_set/imm 4, 0;
    %load/vec4a v0000000002f9b1f0, 4;
    %add;
    %ix/load 4, 46, 0;
    %flag_set/imm 4, 0;
    %load/vec4a v0000000002f9b1f0, 4;
    %add;
    %ix/load 4, 47, 0;
    %flag_set/imm 4, 0;
    %load/vec4a v0000000002f9b1f0, 4;
    %add;
    %ix/load 4, 48, 0;
    %flag_set/imm 4, 0;
    %load/vec4a v0000000002f9b1f0, 4;
    %add;
    %ix/load 4, 49, 0;
    %flag_set/imm 4, 0;
    %load/vec4a v0000000002f9b1f0, 4;
    %add;
    %ix/load 4, 50, 0;
    %flag_set/imm 4, 0;
    %load/vec4a v0000000002f9b1f0, 4;
    %add;
    %ix/load 4, 51, 0;
    %flag_set/imm 4, 0;
    %load/vec4a v0000000002f9b1f0, 4;
    %add;
    %ix/load 4, 52, 0;
    %flag_set/imm 4, 0;
    %load/vec4a v0000000002f9b1f0, 4;
    %add;
    %ix/load 4, 53, 0;
    %flag_set/imm 4, 0;
    %load/vec4a v0000000002f9b1f0, 4;
    %add;
    %ix/load 4, 54, 0;
    %flag_set/imm 4, 0;
    %load/vec4a v0000000002f9b1f0, 4;
    %add;
    %ix/load 4, 55, 0;
    %flag_set/imm 4, 0;
    %load/vec4a v0000000002f9b1f0, 4;
    %add;
    %ix/load 4, 56, 0;
    %flag_set/imm 4, 0;
    %load/vec4a v0000000002f9b1f0, 4;
    %add;
    %ix/load 4, 57, 0;
    %flag_set/imm 4, 0;
    %load/vec4a v0000000002f9b1f0, 4;
    %add;
    %ix/load 4, 58, 0;
    %flag_set/imm 4, 0;
    %load/vec4a v0000000002f9b1f0, 4;
    %add;
    %ix/load 4, 59, 0;
    %flag_set/imm 4, 0;
    %load/vec4a v0000000002f9b1f0, 4;
    %add;
    %ix/load 4, 60, 0;
    %flag_set/imm 4, 0;
    %load/vec4a v0000000002f9b1f0, 4;
    %add;
    %ix/load 4, 61, 0;
    %flag_set/imm 4, 0;
    %load/vec4a v0000000002f9b1f0, 4;
    %add;
    %ix/load 4, 62, 0;
    %flag_set/imm 4, 0;
    %load/vec4a v0000000002f9b1f0, 4;
    %add;
    %ix/load 4, 63, 0;
    %flag_set/imm 4, 0;
    %load/vec4a v0000000002f9b1f0, 4;
    %add;
    %assign/vec4 v0000000002f96780_0, 0;
T_3.1 ;
    %jmp T_3;
    .thread T_3;
    .scope S_0000000002f02510;
T_4 ;
    %wait E_0000000004b40f50;
    %load/vec4 v0000000002f998f0_0;
    %nor/r;
    %flag_set/vec4 8;
    %jmp/0xz  T_4.0, 8;
    %pushi/vec4 0, 0, 30;
    %assign/vec4 v0000000002f96140_0, 0;
    %jmp T_4.1;
T_4.0 ;
    %load/vec4 v0000000002f96780_0;
    %ix/load 4, 15, 0;
    %flag_set/imm 4, 0;
    %shiftr 4;
    %assign/vec4 v0000000002f96140_0, 0;
T_4.1 ;
    %jmp T_4;
    .thread T_4, $push;
    .scope S_0000000004b48090;
T_5 ;
    %vpi_call 2 18 "$dumpfile", "vsim.vcd" {0 0 0};
    %vpi_call 2 19 "$dumpvars" {0 0 0};
    %vpi_call 2 20 "$dumpvars", 32'sb00000000000000000000000000000001, S_0000000002f02510 {0 0 0};
    %delay 100000000, 0;
    %vpi_call 2 24 "$finish" {0 0 0};
    %end;
    .thread T_5;
    .scope S_0000000004b48090;
T_6 ;
    %pushi/vec4 0, 0, 1;
    %store/vec4 v0000000002f97040_0, 0, 1;
    %delay 15000, 0;
    %pushi/vec4 1, 0, 1;
    %store/vec4 v0000000002f97040_0, 0, 1;
    %end;
    .thread T_6;
    .scope S_0000000004b48090;
T_7 ;
    %pushi/vec4 0, 0, 1;
    %store/vec4 v0000000002f96be0_0, 0, 1;
T_7.0 ;
    %delay 10000, 0;
    %load/vec4 v0000000002f96be0_0;
    %inv;
    %store/vec4 v0000000002f96be0_0, 0, 1;
    %jmp T_7.0;
    %end;
    .thread T_7;
    .scope S_0000000004b48090;
T_8 ;
    %vpi_call 2 46 "$readmemb", "signal_in.txt", v0000000002f961e0 {0 0 0};
    %end;
    .thread T_8;
    .scope S_0000000004b48090;
T_9 ;
    %pushi/vec4 0, 0, 32;
    %store/vec4 v0000000002f95f60_0, 0, 32;
    %end;
    .thread T_9;
    .scope S_0000000004b48090;
T_10 ;
    %delay 11000, 0;
    %pushi/vec4 0, 0, 32;
    %store/vec4 v0000000002f95f60_0, 0, 32;
T_10.0 ;
    %load/vec4 v0000000002f95f60_0;
    %cmpi/s 1601, 0, 32;
    %jmp/0xz T_10.1, 5;
    %ix/getv/s 4, v0000000002f95f60_0;
    %load/vec4a v0000000002f961e0, 4;
    %store/vec4 v0000000002f96b40_0, 0, 12;
    %delay 20000, 0;
    %load/vec4 v0000000002f95f60_0;
    %pushi/vec4 1, 0, 32;
    %add;
    %store/vec4 v0000000002f95f60_0, 0, 32;
    %jmp T_10.0;
T_10.1 ;
    %end;
    .thread T_10;
    .scope S_0000000004b48090;
T_11 ;
    %pushi/vec4 0, 0, 32;
    %store/vec4 v0000000002f96aa0_0, 0, 32;
    %end;
    .thread T_11;
    .scope S_0000000004b48090;
T_12 ;
    %delay 33000, 0;
    %vpi_func 2 73 "$fopen" 32, "dataout.txt", "w" {0 0 0};
    %store/vec4 v0000000002f96dc0_0, 0, 32;
    %end;
    .thread T_12;
    .scope S_0000000004b48090;
T_13 ;
    %wait E_0000000004b40950;
    %vpi_call 2 77 "$fdisplay", v0000000002f96dc0_0, v0000000002f95b00_0 {0 0 0};
    %load/vec4 v0000000002f96aa0_0;
    %addi 1, 0, 32;
    %assign/vec4 v0000000002f96aa0_0, 0;
    %load/vec4 v0000000002f96aa0_0;
    %cmpi/e 1602, 0, 32;
    %jmp/0xz  T_13.0, 4;
    %vpi_call 2 80 "$fclose", v0000000002f96dc0_0 {0 0 0};
T_13.0 ;
    %jmp T_13;
    .thread T_13;
# The file index is used to find the file name in the following table.
:file_names 4;
    "N/A";
    "<interactive>";
    "tb_fir.v";
    "../src/fir_12bit.v";
